Using pre-set license

 COMMAND LINE ARGUMENTS:
/Applications/Unity/Hub/Editor/2020.3.16f1/Unity.app/Contents/MacOS/Unity
-adb2
-batchMode
-noUpm
-name
AssetImportWorker0
-projectPath
/Users/alejandromorales/Desktop/Tutorial 1.5
-logFile
Logs/AssetImportWorker0.log
-srvPort
50339
Successfully changed project path to: /Users/alejandromorales/Desktop/Tutorial 1.5
/Users/alejandromorales/Desktop/Tutorial 1.5
Using Asset Import Pipeline V2.
Refreshing native plugins compatible for Editor in 44.17 ms, found 3 plugins.
Preloading 0 native plugins for Editor in 0.00 ms.
Initialize engine version: 2020.3.16f1 (049d6eca3c44)
[Subsystems] Discovering subsystems at path /Applications/Unity/Hub/Editor/2020.3.16f1/Unity.app/Contents/Resources/UnitySubsystems
[Subsystems] Discovering subsystems at path /Users/alejandromorales/Desktop/Tutorial 1.5/Assets
GfxDevice: creating device client; threaded=0
2021-09-29 12:26:01.192 Unity[3207:88451] Color LCD preferred device: Intel(R) UHD Graphics 630 (low power)
2021-09-29 12:26:01.192 Unity[3207:88451] Metal devices available: 2
2021-09-29 12:26:01.193 Unity[3207:88451] 0: AMD Radeon Pro 560X (high power)
2021-09-29 12:26:01.193 Unity[3207:88451] 1: Intel(R) UHD Graphics 630 (low power)
2021-09-29 12:26:01.193 Unity[3207:88451] Using device AMD Radeon Pro 560X (high power)
Initializing Metal device caps: AMD Radeon Pro 560X
Initialize mono
Mono path[0] = '/Applications/Unity/Hub/Editor/2020.3.16f1/Unity.app/Contents/Managed'
Mono path[1] = '/Applications/Unity/Hub/Editor/2020.3.16f1/Unity.app/Contents/MonoBleedingEdge/lib/mono/unityjit'
Mono config path = '/Applications/Unity/Hub/Editor/2020.3.16f1/Unity.app/Contents/MonoBleedingEdge/etc'
Using monoOptions --debugger-agent=transport=dt_socket,embedding=1,server=y,suspend=n,address=127.0.0.1:56207
Begin MonoManager ReloadAssembly
Registering precompiled unity dll's ...
Register platform support module: /Applications/Unity/Hub/Editor/2020.3.16f1/Unity.app/Contents/PlaybackEngines/MacStandaloneSupport/UnityEditor.OSXStandalone.Extensions.dll
Register platform support module: /Applications/Unity/Hub/Editor/2020.3.16f1/PlaybackEngines/WindowsStandaloneSupport/UnityEditor.WindowsStandalone.Extensions.dll
Registered in 0.003220 seconds.
Native extension for WindowsStandalone target not found
Native extension for OSXStandalone target not found
Refreshing native plugins compatible for Editor in 47.28 ms, found 3 plugins.
Preloading 0 native plugins for Editor in 0.00 ms.
Mono: successfully reloaded assembly
- Completed reload, in  2.048 seconds
Domain Reload Profiling:
	ReloadAssembly (2048ms)
		BeginReloadAssembly (50ms)
			ExecutionOrderSort (0ms)
			DisableScriptedObjects (0ms)
			BackupInstance (0ms)
			ReleaseScriptingObjects (0ms)
			CreateAndSetChildDomain (1ms)
		EndReloadAssembly (539ms)
			LoadAssemblies (52ms)
			RebuildTransferFunctionScriptingTraits (0ms)
			SetupTypeCache (214ms)
			ReleaseScriptCaches (0ms)
			RebuildScriptCaches (55ms)
			SetupLoadedEditorAssemblies (212ms)
				LogAssemblyErrors (0ms)
				InitializePlatformSupportModulesInManaged (6ms)
				SetLoadedEditorAssemblies (0ms)
				RefreshPlugins (47ms)
				BeforeProcessingInitializeOnLoad (10ms)
				ProcessInitializeOnLoadAttributes (115ms)
				ProcessInitializeOnLoadMethodAttributes (33ms)
				AfterProcessingInitializeOnLoad (0ms)
				EditorAssembliesLoaded (0ms)
			ExecutionOrderSort2 (0ms)
			AwakeInstancesAfterBackupRestoration (0ms)
Platform modules already initialized, skipping
Registering precompiled user dll's ...
Registered in 0.007606 seconds.
Begin MonoManager ReloadAssembly
Native extension for WindowsStandalone target not found
Native extension for OSXStandalone target not found
Refreshing native plugins compatible for Editor in 47.65 ms, found 3 plugins.
Preloading 0 native plugins for Editor in 0.00 ms.
Mono: successfully reloaded assembly
- Completed reload, in  1.358 seconds
Domain Reload Profiling:
	ReloadAssembly (1359ms)
		BeginReloadAssembly (157ms)
			ExecutionOrderSort (0ms)
			DisableScriptedObjects (5ms)
			BackupInstance (0ms)
			ReleaseScriptingObjects (0ms)
			CreateAndSetChildDomain (30ms)
		EndReloadAssembly (1132ms)
			LoadAssemblies (118ms)
			RebuildTransferFunctionScriptingTraits (0ms)
			SetupTypeCache (360ms)
			ReleaseScriptCaches (0ms)
			RebuildScriptCaches (60ms)
			SetupLoadedEditorAssemblies (454ms)
				LogAssemblyErrors (0ms)
				InitializePlatformSupportModulesInManaged (5ms)
				SetLoadedEditorAssemblies (0ms)
				RefreshPlugins (48ms)
				BeforeProcessingInitializeOnLoad (65ms)
				ProcessInitializeOnLoadAttributes (319ms)
				ProcessInitializeOnLoadMethodAttributes (16ms)
				AfterProcessingInitializeOnLoad (2ms)
				EditorAssembliesLoaded (0ms)
			ExecutionOrderSort2 (0ms)
			AwakeInstancesAfterBackupRestoration (9ms)
Platform modules already initialized, skipping
========================================================================
Worker process is ready to serve import requests
Launching external process: /Applications/Unity/Hub/Editor/2020.3.16f1/Unity.app/Contents/Tools/UnityShaderCompiler
Launched and connected shader compiler UnityShaderCompiler after 0.02 seconds
Refreshing native plugins compatible for Editor in 0.42 ms, found 3 plugins.
Preloading 0 native plugins for Editor in 0.00 ms.
Unloading 2092 Unused Serialized files (Serialized files now loaded: 0)
System memory in use before: 169.8 MB.
System memory in use after: 169.9 MB.

Unloading 28 unused Assets to reduce memory usage. Loaded Objects now: 2529.
Total: 3.766860 ms (FindLiveObjects: 0.217440 ms CreateObjectMapping: 0.084674 ms MarkObjects: 3.394680 ms  DeleteObjects: 0.069128 ms)

AssetImportParameters requested are different than current active one (requested -> active):
  custom:video-decoder-ogg-theora: a1e56fd34408186e4bbccfd4996cb3dc -> 
  custom:container-muxer-webm: aa71ff27fc2769a1b78a27578f13a17b -> 
  custom:container-demuxer-webm: 4f35f7cbe854078d1ac9338744f61a02 -> 
  custom:container-demuxer-ogg: 62fdf1f143b41e24485cea50d1cbac27 -> 
  custom:video-encoder-webm-vp8: eb34c28f22e8b96e1ab97ce403110664 -> 
  custom:framework-osx-AVFoundation: e770b220cccbd017edd2c1fefb359320 -> 
  custom:video-decoder-webm-vp8: 9c59270c3fd7afecdb556c50c9e8de78 -> 
  custom:audio-decoder-ogg-vorbis: bf7c407c2cedff20999df2af8eb42d56 -> 
  custom:audio-encoder-webm-vorbis: bf7c407c2cedff20999df2af8eb42d56 -> 
========================================================================
Received Import Request.
  path: Assets/Scripts/SoundScript.cs
  artifactKey: Guid(d56833874e8d44927a4b441344110e66) Importer(815301076,1909f56bfc062723c751e8b465ee728b)
Start importing Assets/Scripts/SoundScript.cs using Guid(d56833874e8d44927a4b441344110e66) Importer(815301076,1909f56bfc062723c751e8b465ee728b)  -> (artifact id: '3ea83a767e6e86ecb976a2058cc99a25') in 0.543480 seconds 
  Import took 0.548293 seconds .

========================================================================
Received Prepare
Registering precompiled user dll's ...
Registered in 0.003354 seconds.
Begin MonoManager ReloadAssembly
Native extension for WindowsStandalone target not found
Native extension for OSXStandalone target not found
Refreshing native plugins compatible for Editor in 0.40 ms, found 3 plugins.
Preloading 0 native plugins for Editor in 0.00 ms.
Mono: successfully reloaded assembly
- Completed reload, in  1.208 seconds
Domain Reload Profiling:
	ReloadAssembly (1208ms)
		BeginReloadAssembly (126ms)
			ExecutionOrderSort (0ms)
			DisableScriptedObjects (8ms)
			BackupInstance (0ms)
			ReleaseScriptingObjects (0ms)
			CreateAndSetChildDomain (62ms)
		EndReloadAssembly (1015ms)
			LoadAssemblies (74ms)
			RebuildTransferFunctionScriptingTraits (0ms)
			SetupTypeCache (396ms)
			ReleaseScriptCaches (1ms)
			RebuildScriptCaches (60ms)
			SetupLoadedEditorAssemblies (355ms)
				LogAssemblyErrors (0ms)
				InitializePlatformSupportModulesInManaged (5ms)
				SetLoadedEditorAssemblies (0ms)
				RefreshPlugins (0ms)
				BeforeProcessingInitializeOnLoad (49ms)
				ProcessInitializeOnLoadAttributes (292ms)
				ProcessInitializeOnLoadMethodAttributes (6ms)
				AfterProcessingInitializeOnLoad (1ms)
				EditorAssembliesLoaded (0ms)
			ExecutionOrderSort2 (0ms)
			AwakeInstancesAfterBackupRestoration (11ms)
Platform modules already initialized, skipping
Refreshing native plugins compatible for Editor in 0.46 ms, found 3 plugins.
Preloading 0 native plugins for Editor in 0.00 ms.
Unloading 2082 Unused Serialized files (Serialized files now loaded: 0)
System memory in use before: 173.9 MB.
System memory in use after: 174.0 MB.

Unloading 16 unused Assets to reduce memory usage. Loaded Objects now: 2532.
Total: 3.596919 ms (FindLiveObjects: 0.220084 ms CreateObjectMapping: 0.092449 ms MarkObjects: 3.265769 ms  DeleteObjects: 0.017535 ms)

AssetImportParameters requested are different than current active one (requested -> active):
  custom:video-decoder-ogg-theora: a1e56fd34408186e4bbccfd4996cb3dc -> 
  custom:container-muxer-webm: aa71ff27fc2769a1b78a27578f13a17b -> 
  custom:container-demuxer-webm: 4f35f7cbe854078d1ac9338744f61a02 -> 
  custom:container-demuxer-ogg: 62fdf1f143b41e24485cea50d1cbac27 -> 
  custom:video-encoder-webm-vp8: eb34c28f22e8b96e1ab97ce403110664 -> 
  custom:framework-osx-AVFoundation: e770b220cccbd017edd2c1fefb359320 -> 
  custom:video-decoder-webm-vp8: 9c59270c3fd7afecdb556c50c9e8de78 -> 
  custom:audio-decoder-ogg-vorbis: bf7c407c2cedff20999df2af8eb42d56 -> 
  custom:audio-encoder-webm-vorbis: bf7c407c2cedff20999df2af8eb42d56 -> 
========================================================================
Received Import Request.
  Time since last request: 363.300766 seconds.
  path: Assets/Sounds/Cyberpunk Moonlight Sonata.mp3
  artifactKey: Guid(c8ebbe04f796d460a980baec418727be) Importer(815301076,1909f56bfc062723c751e8b465ee728b)
Start importing Assets/Sounds/Cyberpunk Moonlight Sonata.mp3 using Guid(c8ebbe04f796d460a980baec418727be) Importer(815301076,1909f56bfc062723c751e8b465ee728b)  -> (artifact id: '5ccc8f5d43a27b30535c4564533857f8') in 1.467813 seconds 
  Import took 1.472658 seconds .

========================================================================
Received Import Request.
  Time since last request: 122.590455 seconds.
  path: Assets/Sounds/Cyberpunk Moonlight Sonata v2.mp3
  artifactKey: Guid(cb0acc2445db6431b8d94d454839aee6) Importer(815301076,1909f56bfc062723c751e8b465ee728b)
Start importing Assets/Sounds/Cyberpunk Moonlight Sonata v2.mp3 using Guid(cb0acc2445db6431b8d94d454839aee6) Importer(815301076,1909f56bfc062723c751e8b465ee728b)  -> (artifact id: '6d1a3e206688c6302bfaccb9a58a4c0a') in 0.022304 seconds 
  Import took 0.026861 seconds .

========================================================================
Received Import Request.
  Time since last request: 2780.459037 seconds.
  path: Assets/Sprites
  artifactKey: Guid(3e8d9660e3c0545589f66f201b6bffe7) Importer(815301076,1909f56bfc062723c751e8b465ee728b)
Start importing Assets/Sprites using Guid(3e8d9660e3c0545589f66f201b6bffe7) Importer(815301076,1909f56bfc062723c751e8b465ee728b)  -> (artifact id: 'c33a8bc20713b71bcd2bfb465166ae69') in 0.002187 seconds 
  Import took 0.008018 seconds .

========================================================================
Received Import Request.
  Time since last request: 38.547764 seconds.
  path: Assets/Sprites/png
  artifactKey: Guid(2fc2a7efac1994b2cad30e29de32d8e9) Importer(815301076,1909f56bfc062723c751e8b465ee728b)
Start importing Assets/Sprites/png using Guid(2fc2a7efac1994b2cad30e29de32d8e9) Importer(815301076,1909f56bfc062723c751e8b465ee728b)  -> (artifact id: '76ca4a09f9385cef5fe25d19e7bf7b08') in 0.001970 seconds 
  Import took 0.005857 seconds .

========================================================================
Received Import Request.
  Time since last request: 0.781130 seconds.
  path: Assets/Sprites/png/cat
  artifactKey: Guid(aad8933596fab4d34b15d53070f5fb8e) Importer(815301076,1909f56bfc062723c751e8b465ee728b)
Start importing Assets/Sprites/png/cat using Guid(aad8933596fab4d34b15d53070f5fb8e) Importer(815301076,1909f56bfc062723c751e8b465ee728b)  -> (artifact id: '5de77f49df76efd158691d8093acfd8a') in 0.002290 seconds 
  Import took 0.006709 seconds .

========================================================================
Received Import Request.
  Time since last request: 0.077267 seconds.
  path: Assets/Sprites/png/cat/Dead (1).png
  artifactKey: Guid(4a718aaff811e4a73b87831c136608cd) Importer(815301076,1909f56bfc062723c751e8b465ee728b)
Start importing Assets/Sprites/png/cat/Dead (1).png using Guid(4a718aaff811e4a73b87831c136608cd) Importer(815301076,1909f56bfc062723c751e8b465ee728b)  -> (artifact id: 'b2b945b03444ba70011815103bafb31d') in 1.250586 seconds 
  Import took 1.254657 seconds .

========================================================================
Received Import Request.
  Time since last request: 0.000236 seconds.
  path: Assets/Sprites/png/cat/Fall (3).png
  artifactKey: Guid(91e94097f707d491990aaa28bcf438f1) Importer(815301076,1909f56bfc062723c751e8b465ee728b)
Start importing Assets/Sprites/png/cat/Fall (3).png using Guid(91e94097f707d491990aaa28bcf438f1) Importer(815301076,1909f56bfc062723c751e8b465ee728b)  -> (artifact id: 'df8e9b1c5ac334e322e0374df67fd198') in 0.017988 seconds 
  Import took 0.022471 seconds .

========================================================================
Received Import Request.
  Time since last request: 0.000270 seconds.
  path: Assets/Sprites/png/cat/Fall (7).png
  artifactKey: Guid(80e2cb0f0c175425c8afefd91c4b8fef) Importer(815301076,1909f56bfc062723c751e8b465ee728b)
Start importing Assets/Sprites/png/cat/Fall (7).png using Guid(80e2cb0f0c175425c8afefd91c4b8fef) Importer(815301076,1909f56bfc062723c751e8b465ee728b)  -> (artifact id: '3f1fb3ce2d7e067b71ba78e1c36039f2') in 0.014008 seconds 
  Import took 0.017852 seconds .

========================================================================
Received Import Request.
  Time since last request: 0.000283 seconds.
  path: Assets/Sprites/png/cat/Dead (3).png
  artifactKey: Guid(e8c201d00eb3f4694a6ed23575dcfe42) Importer(815301076,1909f56bfc062723c751e8b465ee728b)
Start importing Assets/Sprites/png/cat/Dead (3).png using Guid(e8c201d00eb3f4694a6ed23575dcfe42) Importer(815301076,1909f56bfc062723c751e8b465ee728b)  -> (artifact id: '214e249a7329e80c3ec1260bb4aaa8b8') in 0.014221 seconds 
  Import took 0.018775 seconds .

========================================================================
Received Import Request.
  Time since last request: 0.000226 seconds.
  path: Assets/Sprites/png/cat/Dead (6).png
  artifactKey: Guid(4871e3a42b5684dca8eb5f7c56d256a9) Importer(815301076,1909f56bfc062723c751e8b465ee728b)
Start importing Assets/Sprites/png/cat/Dead (6).png using Guid(4871e3a42b5684dca8eb5f7c56d256a9) Importer(815301076,1909f56bfc062723c751e8b465ee728b)  -> (artifact id: 'd93f17cab3a814c5b8e99d1e645fea60') in 0.013063 seconds 
  Import took 0.017234 seconds .

========================================================================
Received Import Request.
  Time since last request: 0.000221 seconds.
  path: Assets/Sprites/png/cat/Dead (9).png
  artifactKey: Guid(ba6cc193bf23a4516a66f9c412ae6696) Importer(815301076,1909f56bfc062723c751e8b465ee728b)
Start importing Assets/Sprites/png/cat/Dead (9).png using Guid(ba6cc193bf23a4516a66f9c412ae6696) Importer(815301076,1909f56bfc062723c751e8b465ee728b)  -> (artifact id: 'f811c8c5bd5b1aa9c017565c7d4424e3') in 0.013110 seconds 
  Import took 0.016528 seconds .

========================================================================
Received Import Request.
  Time since last request: 0.000238 seconds.
  path: Assets/Sprites/png/cat/Fall (6).png
  artifactKey: Guid(50676e843803a4e0e99cb72e45067142) Importer(815301076,1909f56bfc062723c751e8b465ee728b)
Start importing Assets/Sprites/png/cat/Fall (6).png using Guid(50676e843803a4e0e99cb72e45067142) Importer(815301076,1909f56bfc062723c751e8b465ee728b)  -> (artifact id: 'c0f9505c284919da21ae90464850cfd3') in 0.014522 seconds 
  Import took 0.018178 seconds .

========================================================================
Received Import Request.
  Time since last request: 0.000241 seconds.
  path: Assets/Sprites/png/cat/Fall (8).png
  artifactKey: Guid(232075e23073d49369c9e781b972800b) Importer(815301076,1909f56bfc062723c751e8b465ee728b)
Start importing Assets/Sprites/png/cat/Fall (8).png using Guid(232075e23073d49369c9e781b972800b) Importer(815301076,1909f56bfc062723c751e8b465ee728b)  -> (artifact id: 'd6517bbebc6c860779d7998a961093ce') in 0.019164 seconds 
  Import took 0.023521 seconds .

========================================================================
Received Import Request.
  Time since last request: 0.000266 seconds.
  path: Assets/Sprites/png/cat/Dead (10).png
  artifactKey: Guid(92e97d492d1c24ccdaff846184389641) Importer(815301076,1909f56bfc062723c751e8b465ee728b)
Start importing Assets/Sprites/png/cat/Dead (10).png using Guid(92e97d492d1c24ccdaff846184389641) Importer(815301076,1909f56bfc062723c751e8b465ee728b)  -> (artifact id: '3a61a9304d45c70217cb4a38e7fb9d3c') in 0.013956 seconds 
  Import took 0.019017 seconds .

========================================================================
Received Import Request.
  Time since last request: 0.000234 seconds.
  path: Assets/Sprites/png/cat/Dead (2).png
  artifactKey: Guid(9cd7b456c520c492eaf6cdd385dd9c72) Importer(815301076,1909f56bfc062723c751e8b465ee728b)
Start importing Assets/Sprites/png/cat/Dead (2).png using Guid(9cd7b456c520c492eaf6cdd385dd9c72) Importer(815301076,1909f56bfc062723c751e8b465ee728b)  -> (artifact id: '670c3f3d39e6084dd93bc9bfc108d6b1') in 0.013617 seconds 
  Import took 0.017793 seconds .

========================================================================
Received Import Request.
  Time since last request: 0.000289 seconds.
  path: Assets/Sprites/png/cat/Dead (4).png
  artifactKey: Guid(5f4bddb4964404997bb09152e17c303f) Importer(815301076,1909f56bfc062723c751e8b465ee728b)
Start importing Assets/Sprites/png/cat/Dead (4).png using Guid(5f4bddb4964404997bb09152e17c303f) Importer(815301076,1909f56bfc062723c751e8b465ee728b)  -> (artifact id: 'af46e79974456c6b1b0b8c55304657e8') in 0.016351 seconds 
  Import took 0.020138 seconds .

========================================================================
Received Import Request.
  Time since last request: 0.000223 seconds.
  path: Assets/Sprites/png/cat/Hurt (1).png
  artifactKey: Guid(0f36cb1b47d804a14b7f5c62f64462f6) Importer(815301076,1909f56bfc062723c751e8b465ee728b)
Start importing Assets/Sprites/png/cat/Hurt (1).png using Guid(0f36cb1b47d804a14b7f5c62f64462f6) Importer(815301076,1909f56bfc062723c751e8b465ee728b)  -> (artifact id: 'b5af194533946537a8d4db6108f0ad85') in 0.017147 seconds 
  Import took 0.021352 seconds .

========================================================================
Received Import Request.
  Time since last request: 0.000275 seconds.
  path: Assets/Sprites/png/cat/Dead (8).png
  artifactKey: Guid(10547607d6db84baba0f74035ddc2649) Importer(815301076,1909f56bfc062723c751e8b465ee728b)
Start importing Assets/Sprites/png/cat/Dead (8).png using Guid(10547607d6db84baba0f74035ddc2649) Importer(815301076,1909f56bfc062723c751e8b465ee728b)  -> (artifact id: '9656b2753351fbae75c5a6dfdccfbb39') in 0.016401 seconds 
  Import took 0.022092 seconds .

========================================================================
Received Import Request.
  Time since last request: 0.000384 seconds.
  path: Assets/Sprites/png/cat/Dead (4).png
  artifactKey: Guid(5f4bddb4964404997bb09152e17c303f) Importer(815301076,1909f56bfc062723c751e8b465ee728b)
Start importing Assets/Sprites/png/cat/Dead (4).png using Guid(5f4bddb4964404997bb09152e17c303f) Importer(815301076,1909f56bfc062723c751e8b465ee728b)  -> (artifact id: 'af46e79974456c6b1b0b8c55304657e8') in 0.012119 seconds 
  Import took 0.016193 seconds .

========================================================================
Received Import Request.
  Time since last request: 0.000221 seconds.
  path: Assets/Sprites/png/cat/Dead (5).png
  artifactKey: Guid(838fe02fd0baf46e19a6456317a9ff7b) Importer(815301076,1909f56bfc062723c751e8b465ee728b)
Start importing Assets/Sprites/png/cat/Dead (5).png using Guid(838fe02fd0baf46e19a6456317a9ff7b) Importer(815301076,1909f56bfc062723c751e8b465ee728b)  -> (artifact id: '60a64b95d83945b67afe37816c067969') in 0.016168 seconds 
  Import took 0.021843 seconds .

========================================================================
Received Import Request.
  Time since last request: 0.000228 seconds.
  path: Assets/Sprites/png/cat/Hurt (2).png
  artifactKey: Guid(abe17623fd4e14ef8bb03ec138cddc44) Importer(815301076,1909f56bfc062723c751e8b465ee728b)
Start importing Assets/Sprites/png/cat/Hurt (2).png using Guid(abe17623fd4e14ef8bb03ec138cddc44) Importer(815301076,1909f56bfc062723c751e8b465ee728b)  -> (artifact id: 'dc14ad4fe809abfc6cb0b3ab1242d1ac') in 0.019336 seconds 
  Import took 0.023664 seconds .

========================================================================
Received Import Request.
  Time since last request: 0.000251 seconds.
  path: Assets/Sprites/png/cat/Dead (7).png
  artifactKey: Guid(0d3925df3af1647c7a798197d90522a7) Importer(815301076,1909f56bfc062723c751e8b465ee728b)
Start importing Assets/Sprites/png/cat/Dead (7).png using Guid(0d3925df3af1647c7a798197d90522a7) Importer(815301076,1909f56bfc062723c751e8b465ee728b)  -> (artifact id: '8b53068a6ee209f23b74593e57a0a671') in 0.012341 seconds 
  Import took 0.016151 seconds .

========================================================================
Received Import Request.
  Time since last request: 0.000341 seconds.
  path: Assets/Sprites/png/cat/Hurt (3).png
  artifactKey: Guid(6ea521295f6f74fdd9751c357c17ef86) Importer(815301076,1909f56bfc062723c751e8b465ee728b)
Start importing Assets/Sprites/png/cat/Hurt (3).png using Guid(6ea521295f6f74fdd9751c357c17ef86) Importer(815301076,1909f56bfc062723c751e8b465ee728b)  -> (artifact id: '0fc5ea767e9f2bdbc1b6c6932776fec7') in 0.015425 seconds 
  Import took 0.021430 seconds .

========================================================================
Received Import Request.
  Time since last request: 0.000231 seconds.
  path: Assets/Sprites/png/cat/Dead (7).png
  artifactKey: Guid(0d3925df3af1647c7a798197d90522a7) Importer(815301076,1909f56bfc062723c751e8b465ee728b)
Start importing Assets/Sprites/png/cat/Dead (7).png using Guid(0d3925df3af1647c7a798197d90522a7) Importer(815301076,1909f56bfc062723c751e8b465ee728b)  -> (artifact id: '8b53068a6ee209f23b74593e57a0a671') in 0.014958 seconds 
  Import took 0.019199 seconds .

========================================================================
Received Import Request.
  Time since last request: 0.000240 seconds.
  path: Assets/Sprites/png/cat/Fall (5).png
  artifactKey: Guid(af5acf251183d412394f17da1d5256dc) Importer(815301076,1909f56bfc062723c751e8b465ee728b)
Start importing Assets/Sprites/png/cat/Fall (5).png using Guid(af5acf251183d412394f17da1d5256dc) Importer(815301076,1909f56bfc062723c751e8b465ee728b)  -> (artifact id: '11f61408df48220fdb5b889c117d0d8e') in 0.018748 seconds 
  Import took 0.024135 seconds .

========================================================================
Received Import Request.
  Time since last request: 0.000269 seconds.
  path: Assets/Sprites/png/cat/Fall (2).png
  artifactKey: Guid(278723f36eea54f48b8334e8f6f3bcd9) Importer(815301076,1909f56bfc062723c751e8b465ee728b)
Start importing Assets/Sprites/png/cat/Fall (2).png using Guid(278723f36eea54f48b8334e8f6f3bcd9) Importer(815301076,1909f56bfc062723c751e8b465ee728b)  -> (artifact id: 'dc654e81186f3607289e2bfd9ed52cb8') in 0.014882 seconds 
  Import took 0.020200 seconds .

========================================================================
Received Import Request.
  Time since last request: 0.000228 seconds.
  path: Assets/Sprites/png/cat/Fall (4).png
  artifactKey: Guid(b2167ee6e48864e5da5125f81fea3ef0) Importer(815301076,1909f56bfc062723c751e8b465ee728b)
Start importing Assets/Sprites/png/cat/Fall (4).png using Guid(b2167ee6e48864e5da5125f81fea3ef0) Importer(815301076,1909f56bfc062723c751e8b465ee728b)  -> (artifact id: '0e7013e606bbe109bb5bda8a137cdd2b') in 0.014037 seconds 
  Import took 0.021455 seconds .

========================================================================
Received Import Request.
  Time since last request: 0.000217 seconds.
  path: Assets/Sprites/png/cat/Fall (1).png
  artifactKey: Guid(db3316e2ad47d4030af84e341fad44e8) Importer(815301076,1909f56bfc062723c751e8b465ee728b)
Start importing Assets/Sprites/png/cat/Fall (1).png using Guid(db3316e2ad47d4030af84e341fad44e8) Importer(815301076,1909f56bfc062723c751e8b465ee728b)  -> (artifact id: '614e19f111936a17297f8fd8e59fbc0c') in 0.016895 seconds 
  Import took 0.022287 seconds .

========================================================================
Received Import Request.
  Time since last request: 0.001009 seconds.
  path: Assets/Sprites/png/cat/Fall (2).png
  artifactKey: Guid(278723f36eea54f48b8334e8f6f3bcd9) Importer(815301076,1909f56bfc062723c751e8b465ee728b)
Start importing Assets/Sprites/png/cat/Fall (2).png using Guid(278723f36eea54f48b8334e8f6f3bcd9) Importer(815301076,1909f56bfc062723c751e8b465ee728b)  -> (artifact id: 'dc654e81186f3607289e2bfd9ed52cb8') in 0.020246 seconds 
  Import took 0.025254 seconds .

========================================================================
Received Import Request.
  Time since last request: 71.276611 seconds.
  path: Assets/Sprites/png/cat/Hurt (4).png
  artifactKey: Guid(e542444217e9b4997ac3760ccb3cc473) Importer(815301076,1909f56bfc062723c751e8b465ee728b)
Start importing Assets/Sprites/png/cat/Hurt (4).png using Guid(e542444217e9b4997ac3760ccb3cc473) Importer(815301076,1909f56bfc062723c751e8b465ee728b)  -> (artifact id: '36d0859a1fec8256dca77989f46a39a0') in 0.027682 seconds 
  Import took 0.031907 seconds .

========================================================================
Received Import Request.
  Time since last request: 0.000218 seconds.
  path: Assets/Sprites/png/cat/Hurt (6).png
  artifactKey: Guid(afc467f80582e4c59ac2c470b46868fc) Importer(815301076,1909f56bfc062723c751e8b465ee728b)
Start importing Assets/Sprites/png/cat/Hurt (6).png using Guid(afc467f80582e4c59ac2c470b46868fc) Importer(815301076,1909f56bfc062723c751e8b465ee728b)  -> (artifact id: '56852cd385ab0423b0f30f75de55b8dd') in 0.014847 seconds 
  Import took 0.019161 seconds .

========================================================================
Received Import Request.
  Time since last request: 0.000251 seconds.
  path: Assets/Sprites/png/cat/Hurt (5).png
  artifactKey: Guid(3e67565dba571405fa1547d9fdaa7d64) Importer(815301076,1909f56bfc062723c751e8b465ee728b)
Start importing Assets/Sprites/png/cat/Hurt (5).png using Guid(3e67565dba571405fa1547d9fdaa7d64) Importer(815301076,1909f56bfc062723c751e8b465ee728b)  -> (artifact id: '79aec54c38c9cc7f50a8450bbe67bebe') in 0.014140 seconds 
  Import took 0.017871 seconds .

========================================================================
Received Import Request.
  Time since last request: 0.000233 seconds.
  path: Assets/Sprites/png/cat/Hurt (7).png
  artifactKey: Guid(29e53dace7d164b71ab3a68c9e736cfd) Importer(815301076,1909f56bfc062723c751e8b465ee728b)
Start importing Assets/Sprites/png/cat/Hurt (7).png using Guid(29e53dace7d164b71ab3a68c9e736cfd) Importer(815301076,1909f56bfc062723c751e8b465ee728b)  -> (artifact id: '00b46e9ece5b44519302fa5b4f0b89ab') in 0.025789 seconds 
  Import took 0.029856 seconds .

========================================================================
Received Import Request.
  Time since last request: 0.831112 seconds.
  path: Assets/Sprites/png/cat/Hurt (8).png
  artifactKey: Guid(61f251dc0f34f4151964bca35aeb3baa) Importer(815301076,1909f56bfc062723c751e8b465ee728b)
Start importing Assets/Sprites/png/cat/Hurt (8).png using Guid(61f251dc0f34f4151964bca35aeb3baa) Importer(815301076,1909f56bfc062723c751e8b465ee728b)  -> (artifact id: '145375ce4316d0fa49858cac0b64f711') in 0.014651 seconds 
  Import took 0.019433 seconds .

========================================================================
Received Import Request.
  Time since last request: 0.000233 seconds.
  path: Assets/Sprites/png/cat/Idle (1).png
  artifactKey: Guid(e35e3a01680c040a0b62077605e83a5f) Importer(815301076,1909f56bfc062723c751e8b465ee728b)
Start importing Assets/Sprites/png/cat/Idle (1).png using Guid(e35e3a01680c040a0b62077605e83a5f) Importer(815301076,1909f56bfc062723c751e8b465ee728b)  -> (artifact id: 'deb040fb1d3d69f1c441c46426910bfa') in 0.014173 seconds 
  Import took 0.018369 seconds .

========================================================================
Received Import Request.
  Time since last request: 0.000263 seconds.
  path: Assets/Sprites/png/cat/Hurt (9).png
  artifactKey: Guid(a16ceaf0403e241c39919c5d64ba4e1b) Importer(815301076,1909f56bfc062723c751e8b465ee728b)
Start importing Assets/Sprites/png/cat/Hurt (9).png using Guid(a16ceaf0403e241c39919c5d64ba4e1b) Importer(815301076,1909f56bfc062723c751e8b465ee728b)  -> (artifact id: '7b3315e0f8eaae5206c62242a9f4e8da') in 0.016983 seconds 
  Import took 0.021590 seconds .

========================================================================
Received Import Request.
  Time since last request: 0.000299 seconds.
  path: Assets/Sprites/png/cat/Hurt (10).png
  artifactKey: Guid(51d81d87bd5bb42bf9aeded878d839fe) Importer(815301076,1909f56bfc062723c751e8b465ee728b)
Start importing Assets/Sprites/png/cat/Hurt (10).png using Guid(51d81d87bd5bb42bf9aeded878d839fe) Importer(815301076,1909f56bfc062723c751e8b465ee728b)  -> (artifact id: '8623f7d3eedbfa2e13ff1f1551984b23') in 0.020402 seconds 
  Import took 0.024885 seconds .

========================================================================
Received Import Request.
  Time since last request: 0.026789 seconds.
  path: Assets/Sprites/png/cat/Idle (2).png
  artifactKey: Guid(7de9735287b4448ef8c629f29dfb0457) Importer(815301076,1909f56bfc062723c751e8b465ee728b)
Start importing Assets/Sprites/png/cat/Idle (2).png using Guid(7de9735287b4448ef8c629f29dfb0457) Importer(815301076,1909f56bfc062723c751e8b465ee728b)  -> (artifact id: '7d97243c340d11f353ac9e47eed471ac') in 0.015013 seconds 
  Import took 0.020375 seconds .

========================================================================
Received Import Request.
  Time since last request: 0.000318 seconds.
  path: Assets/Sprites/png/cat/Idle (5).png
  artifactKey: Guid(0e9331a430b824b14800b1580eded866) Importer(815301076,1909f56bfc062723c751e8b465ee728b)
Start importing Assets/Sprites/png/cat/Idle (5).png using Guid(0e9331a430b824b14800b1580eded866) Importer(815301076,1909f56bfc062723c751e8b465ee728b)  -> (artifact id: 'd9cd884b19cffafd9f239d0285491f45') in 0.018046 seconds 
  Import took 0.022773 seconds .

========================================================================
Received Import Request.
  Time since last request: 0.000256 seconds.
  path: Assets/Sprites/png/cat/Idle (4).png
  artifactKey: Guid(356cddf2a20d040a1b239991b6ad4833) Importer(815301076,1909f56bfc062723c751e8b465ee728b)
Start importing Assets/Sprites/png/cat/Idle (4).png using Guid(356cddf2a20d040a1b239991b6ad4833) Importer(815301076,1909f56bfc062723c751e8b465ee728b)  -> (artifact id: 'ee64da83a955550756927e350530e525') in 0.015918 seconds 
  Import took 0.021524 seconds .

========================================================================
Received Import Request.
  Time since last request: 0.000305 seconds.
  path: Assets/Sprites/png/cat/Idle (3).png
  artifactKey: Guid(0c5bbe1078e7f4425b7598b644190783) Importer(815301076,1909f56bfc062723c751e8b465ee728b)
Start importing Assets/Sprites/png/cat/Idle (3).png using Guid(0c5bbe1078e7f4425b7598b644190783) Importer(815301076,1909f56bfc062723c751e8b465ee728b)  -> (artifact id: 'f17fc3b6033dad6345bdf65f3367836b') in 0.016973 seconds 
  Import took 0.021682 seconds .

========================================================================
Received Import Request.
  Time since last request: 0.094224 seconds.
  path: Assets/Sprites/png/cat/Idle (6).png
  artifactKey: Guid(9234cbb4764624df9944750bf6296cd4) Importer(815301076,1909f56bfc062723c751e8b465ee728b)
Start importing Assets/Sprites/png/cat/Idle (6).png using Guid(9234cbb4764624df9944750bf6296cd4) Importer(815301076,1909f56bfc062723c751e8b465ee728b)  -> (artifact id: '84e487e0887539832e6d4392d88c557c') in 0.015726 seconds 
  Import took 0.022293 seconds .

========================================================================
Received Import Request.
  Time since last request: 0.000310 seconds.
  path: Assets/Sprites/png/cat/Idle (9).png
  artifactKey: Guid(e4e6208d2ec494e2ea485d8db42c5e63) Importer(815301076,1909f56bfc062723c751e8b465ee728b)
Start importing Assets/Sprites/png/cat/Idle (9).png using Guid(e4e6208d2ec494e2ea485d8db42c5e63) Importer(815301076,1909f56bfc062723c751e8b465ee728b)  -> (artifact id: 'a6733927269f91dbef221f13f29f80a6') in 0.015742 seconds 
  Import took 0.020541 seconds .

========================================================================
Received Import Request.
  Time since last request: 0.000249 seconds.
  path: Assets/Sprites/png/cat/Idle (8).png
  artifactKey: Guid(16186362c93b146fdadb83e5bf2d50d6) Importer(815301076,1909f56bfc062723c751e8b465ee728b)
Start importing Assets/Sprites/png/cat/Idle (8).png using Guid(16186362c93b146fdadb83e5bf2d50d6) Importer(815301076,1909f56bfc062723c751e8b465ee728b)  -> (artifact id: '0ac9f08c61dca4d4b4e5813eb9203568') in 0.020524 seconds 
  Import took 0.025712 seconds .

========================================================================
Received Import Request.
  Time since last request: 0.000251 seconds.
  path: Assets/Sprites/png/cat/Idle (6).png
  artifactKey: Guid(9234cbb4764624df9944750bf6296cd4) Importer(815301076,1909f56bfc062723c751e8b465ee728b)
Start importing Assets/Sprites/png/cat/Idle (6).png using Guid(9234cbb4764624df9944750bf6296cd4) Importer(815301076,1909f56bfc062723c751e8b465ee728b)  -> (artifact id: '84e487e0887539832e6d4392d88c557c') in 0.019306 seconds 
  Import took 0.023784 seconds .

========================================================================
Received Import Request.
  Time since last request: 0.000251 seconds.
  path: Assets/Sprites/png/cat/Idle (7).png
  artifactKey: Guid(b543a65c0590342689adde1feb692a43) Importer(815301076,1909f56bfc062723c751e8b465ee728b)
Start importing Assets/Sprites/png/cat/Idle (7).png using Guid(b543a65c0590342689adde1feb692a43) Importer(815301076,1909f56bfc062723c751e8b465ee728b)  -> (artifact id: 'e7dedeab4952d4fd69729cd74bbb4ea8') in 0.016548 seconds 
  Import took 0.021370 seconds .

========================================================================
Received Import Request.
  Time since last request: 0.196890 seconds.
  path: Assets/Sprites/png/cat/Idle (10).png
  artifactKey: Guid(880e4aa5a00ea415eaae47d9c3558245) Importer(815301076,1909f56bfc062723c751e8b465ee728b)
Start importing Assets/Sprites/png/cat/Idle (10).png using Guid(880e4aa5a00ea415eaae47d9c3558245) Importer(815301076,1909f56bfc062723c751e8b465ee728b)  -> (artifact id: '92ee6926c2e3bf157845098224101908') in 0.016294 seconds 
  Import took 0.021734 seconds .

========================================================================
Received Import Request.
  Time since last request: 0.000256 seconds.
  path: Assets/Sprites/png/cat/Jump (1).png
  artifactKey: Guid(5943218563c244414b5ddb0b0f29e3de) Importer(815301076,1909f56bfc062723c751e8b465ee728b)
Start importing Assets/Sprites/png/cat/Jump (1).png using Guid(5943218563c244414b5ddb0b0f29e3de) Importer(815301076,1909f56bfc062723c751e8b465ee728b)  -> (artifact id: '96ef8dfc25c5c15f899944736cd9cb44') in 0.016591 seconds 
  Import took 0.021218 seconds .

========================================================================
Received Import Request.
  Time since last request: 0.000232 seconds.
  path: Assets/Sprites/png/cat/Jump (2).png
  artifactKey: Guid(1ddfb8a4b32ed49f4bb1de828236ff28) Importer(815301076,1909f56bfc062723c751e8b465ee728b)
Start importing Assets/Sprites/png/cat/Jump (2).png using Guid(1ddfb8a4b32ed49f4bb1de828236ff28) Importer(815301076,1909f56bfc062723c751e8b465ee728b)  -> (artifact id: '44955579bbaff10c5f9fea5761d7c715') in 0.014341 seconds 
  Import took 0.018421 seconds .

========================================================================
Received Import Request.
  Time since last request: 0.000236 seconds.
  path: Assets/Sprites/png/cat/Jump (3).png
  artifactKey: Guid(412c2bb36bf864539b0ca8e0cfa50219) Importer(815301076,1909f56bfc062723c751e8b465ee728b)
Start importing Assets/Sprites/png/cat/Jump (3).png using Guid(412c2bb36bf864539b0ca8e0cfa50219) Importer(815301076,1909f56bfc062723c751e8b465ee728b)  -> (artifact id: '44fc2c17a77302fd745ceaae4e1819b4') in 0.016064 seconds 
  Import took 0.019697 seconds .

========================================================================
Received Import Request.
  Time since last request: 0.151688 seconds.
  path: Assets/Sprites/png/cat/Jump (4).png
  artifactKey: Guid(535f86971c3f64194bc2a3da6b0203a5) Importer(815301076,1909f56bfc062723c751e8b465ee728b)
Start importing Assets/Sprites/png/cat/Jump (4).png using Guid(535f86971c3f64194bc2a3da6b0203a5) Importer(815301076,1909f56bfc062723c751e8b465ee728b)  -> (artifact id: '5df014ad352a11251a346d4addd76e3c') in 0.015813 seconds 
  Import took 0.021545 seconds .

========================================================================
Received Import Request.
  Time since last request: 0.000275 seconds.
  path: Assets/Sprites/png/cat/Jump (5).png
  artifactKey: Guid(679363e330cf14243a37b6adc6108563) Importer(815301076,1909f56bfc062723c751e8b465ee728b)
Start importing Assets/Sprites/png/cat/Jump (5).png using Guid(679363e330cf14243a37b6adc6108563) Importer(815301076,1909f56bfc062723c751e8b465ee728b)  -> (artifact id: 'a298c5410761481758d6adfc24ef1631') in 0.015339 seconds 
  Import took 0.020765 seconds .

========================================================================
Received Import Request.
  Time since last request: 0.000266 seconds.
  path: Assets/Sprites/png/cat/Jump (7).png
  artifactKey: Guid(30197178ca0114d9ba01e522355cd1ae) Importer(815301076,1909f56bfc062723c751e8b465ee728b)
Start importing Assets/Sprites/png/cat/Jump (7).png using Guid(30197178ca0114d9ba01e522355cd1ae) Importer(815301076,1909f56bfc062723c751e8b465ee728b)  -> (artifact id: '1d9797c3ac127636d178b0b7810cb831') in 0.020899 seconds 
  Import took 0.026696 seconds .

========================================================================
Received Import Request.
  Time since last request: 0.000294 seconds.
  path: Assets/Sprites/png/cat/Jump (6).png
  artifactKey: Guid(f2ffedb3ad2214091a5fe251183041b7) Importer(815301076,1909f56bfc062723c751e8b465ee728b)
Start importing Assets/Sprites/png/cat/Jump (6).png using Guid(f2ffedb3ad2214091a5fe251183041b7) Importer(815301076,1909f56bfc062723c751e8b465ee728b)  -> (artifact id: '2e61ed3ef546fb19ccb703cc428e764e') in 0.014041 seconds 
  Import took 0.018001 seconds .

========================================================================
Received Import Request.
  Time since last request: 0.028684 seconds.
  path: Assets/Sprites/png/cat/Jump (7).png
  artifactKey: Guid(30197178ca0114d9ba01e522355cd1ae) Importer(815301076,1909f56bfc062723c751e8b465ee728b)
Start importing Assets/Sprites/png/cat/Jump (7).png using Guid(30197178ca0114d9ba01e522355cd1ae) Importer(815301076,1909f56bfc062723c751e8b465ee728b)  -> (artifact id: '1d9797c3ac127636d178b0b7810cb831') in 0.012777 seconds 
  Import took 0.017157 seconds .

========================================================================
Received Import Request.
  Time since last request: 0.197281 seconds.
  path: Assets/Sprites/png/cat/Jump (8).png
  artifactKey: Guid(76ec75a01e9264880bf3e427f0babda0) Importer(815301076,1909f56bfc062723c751e8b465ee728b)
Start importing Assets/Sprites/png/cat/Jump (8).png using Guid(76ec75a01e9264880bf3e427f0babda0) Importer(815301076,1909f56bfc062723c751e8b465ee728b)  -> (artifact id: 'cbef77979b640acbff104fe3b69cc952') in 0.014731 seconds 
  Import took 0.018455 seconds .

========================================================================
Received Import Request.
  Time since last request: 0.000228 seconds.
  path: Assets/Sprites/png/cat/Run (2).png
  artifactKey: Guid(84f6b511ec4f4432caa0cd6bdd9aaa3e) Importer(815301076,1909f56bfc062723c751e8b465ee728b)
Start importing Assets/Sprites/png/cat/Run (2).png using Guid(84f6b511ec4f4432caa0cd6bdd9aaa3e) Importer(815301076,1909f56bfc062723c751e8b465ee728b)  -> (artifact id: 'f923334203532291533afe92e50fb7d3') in 0.020011 seconds 
  Import took 0.024603 seconds .

========================================================================
Received Import Request.
  Time since last request: 0.000228 seconds.
  path: Assets/Sprites/png/cat/Run (1).png
  artifactKey: Guid(b24f75475be214f92a81aabd5731f848) Importer(815301076,1909f56bfc062723c751e8b465ee728b)
Start importing Assets/Sprites/png/cat/Run (1).png using Guid(b24f75475be214f92a81aabd5731f848) Importer(815301076,1909f56bfc062723c751e8b465ee728b)  -> (artifact id: 'f5cf1dedce44dd698fbd931684a652bf') in 0.014294 seconds 
  Import took 0.018421 seconds .

========================================================================
Received Import Request.
  Time since last request: 0.000214 seconds.
  path: Assets/Sprites/png/cat/Run (3).png
  artifactKey: Guid(4b21c4e81617c46c4bee0ff001c31d0b) Importer(815301076,1909f56bfc062723c751e8b465ee728b)
Start importing Assets/Sprites/png/cat/Run (3).png using Guid(4b21c4e81617c46c4bee0ff001c31d0b) Importer(815301076,1909f56bfc062723c751e8b465ee728b)  -> (artifact id: '35e41ee074f495054bdecabeb6df3a4f') in 0.019137 seconds 
  Import took 0.024067 seconds .

========================================================================
Received Import Request.
  Time since last request: 0.017682 seconds.
  path: Assets/Sprites/png/cat/Run (3).png
  artifactKey: Guid(4b21c4e81617c46c4bee0ff001c31d0b) Importer(815301076,1909f56bfc062723c751e8b465ee728b)
Start importing Assets/Sprites/png/cat/Run (3).png using Guid(4b21c4e81617c46c4bee0ff001c31d0b) Importer(815301076,1909f56bfc062723c751e8b465ee728b)  -> (artifact id: '35e41ee074f495054bdecabeb6df3a4f') in 0.013228 seconds 
  Import took 0.017890 seconds .

========================================================================
Received Import Request.
  Time since last request: 0.033674 seconds.
  path: Assets/Sprites/png/cat/Run (4).png
  artifactKey: Guid(244d3043049d141e0b61d4ac5ebbc247) Importer(815301076,1909f56bfc062723c751e8b465ee728b)
Start importing Assets/Sprites/png/cat/Run (4).png using Guid(244d3043049d141e0b61d4ac5ebbc247) Importer(815301076,1909f56bfc062723c751e8b465ee728b)  -> (artifact id: 'a12464808011a7ea27a11e79f3d350a7') in 0.022519 seconds 
  Import took 0.028736 seconds .

========================================================================
Received Import Request.
  Time since last request: 0.000246 seconds.
  path: Assets/Sprites/png/cat/Run (7).png
  artifactKey: Guid(47bfabbc6e28847a2a5cad881b9b5cde) Importer(815301076,1909f56bfc062723c751e8b465ee728b)
Start importing Assets/Sprites/png/cat/Run (7).png using Guid(47bfabbc6e28847a2a5cad881b9b5cde) Importer(815301076,1909f56bfc062723c751e8b465ee728b)  -> (artifact id: '950a0d11af6ac0c7481b258ec6c0bdf7') in 0.015035 seconds 
  Import took 0.020507 seconds .

========================================================================
Received Import Request.
  Time since last request: 0.000272 seconds.
  path: Assets/Sprites/png/cat/Run (5).png
  artifactKey: Guid(6481b6deec8144cab9c173fde610a293) Importer(815301076,1909f56bfc062723c751e8b465ee728b)
Start importing Assets/Sprites/png/cat/Run (5).png using Guid(6481b6deec8144cab9c173fde610a293) Importer(815301076,1909f56bfc062723c751e8b465ee728b)  -> (artifact id: 'd126f9426befc2295747d1105cbd1c48') in 0.016864 seconds 
  Import took 0.021407 seconds .

========================================================================
Received Import Request.
  Time since last request: 0.000266 seconds.
  path: Assets/Sprites/png/cat/Run (6).png
  artifactKey: Guid(47baece1b0b564146bdf9d7c0be82bbd) Importer(815301076,1909f56bfc062723c751e8b465ee728b)
Start importing Assets/Sprites/png/cat/Run (6).png using Guid(47baece1b0b564146bdf9d7c0be82bbd) Importer(815301076,1909f56bfc062723c751e8b465ee728b)  -> (artifact id: '7a5d0e5c48d785ec0e6e46944f0b490d') in 0.015947 seconds 
  Import took 0.020141 seconds .

========================================================================
Received Import Request.
  Time since last request: 0.038644 seconds.
  path: Assets/Sprites/png/cat/Run (6).png
  artifactKey: Guid(47baece1b0b564146bdf9d7c0be82bbd) Importer(815301076,1909f56bfc062723c751e8b465ee728b)
Start importing Assets/Sprites/png/cat/Run (6).png using Guid(47baece1b0b564146bdf9d7c0be82bbd) Importer(815301076,1909f56bfc062723c751e8b465ee728b)  -> (artifact id: '7a5d0e5c48d785ec0e6e46944f0b490d') in 0.013288 seconds 
  Import took 0.017668 seconds .

========================================================================
Received Import Request.
  Time since last request: 201.938919 seconds.
  path: Assets/Sprites/png/cat/Run (8).png
  artifactKey: Guid(ed95013f1aaa743d4aadd53f2e997d7e) Importer(815301076,1909f56bfc062723c751e8b465ee728b)
Start importing Assets/Sprites/png/cat/Run (8).png using Guid(ed95013f1aaa743d4aadd53f2e997d7e) Importer(815301076,1909f56bfc062723c751e8b465ee728b)  -> (artifact id: 'f7ae660dc98f16ccfab5fbc4b2df3f2f') in 0.046428 seconds 
  Import took 0.052627 seconds .

========================================================================
Received Import Request.
  Time since last request: 0.000279 seconds.
  path: Assets/Sprites/png/cat/Slide (4).png
  artifactKey: Guid(15b209f126ee94a0fa992017ae8637e1) Importer(815301076,1909f56bfc062723c751e8b465ee728b)
Start importing Assets/Sprites/png/cat/Slide (4).png using Guid(15b209f126ee94a0fa992017ae8637e1) Importer(815301076,1909f56bfc062723c751e8b465ee728b)  -> (artifact id: '0d0f2faab1eda5c244ebde370c29e751') in 0.024565 seconds 
  Import took 0.031554 seconds .

========================================================================
Received Import Request.
  Time since last request: 0.000402 seconds.
  path: Assets/Sprites/png/cat/Walk (8).png
  artifactKey: Guid(e0d68ea72768d477ea30e28cc262cf2b) Importer(815301076,1909f56bfc062723c751e8b465ee728b)
Start importing Assets/Sprites/png/cat/Walk (8).png using Guid(e0d68ea72768d477ea30e28cc262cf2b) Importer(815301076,1909f56bfc062723c751e8b465ee728b)  -> (artifact id: '178a2080f16f6e51b81ea719b2e8e519') in 0.018536 seconds 
  Import took 0.024680 seconds .

========================================================================
Received Import Request.
  Time since last request: 0.000357 seconds.
  path: Assets/Sprites/png/cat/Slide (1).png
  artifactKey: Guid(72e7bdbb9bef040b0addefc4e45f8906) Importer(815301076,1909f56bfc062723c751e8b465ee728b)
Start importing Assets/Sprites/png/cat/Slide (1).png using Guid(72e7bdbb9bef040b0addefc4e45f8906) Importer(815301076,1909f56bfc062723c751e8b465ee728b)  -> (artifact id: '3823d671c410e16c0c1dd065c73535e9') in 0.023773 seconds 
  Import took 0.029600 seconds .

========================================================================
Received Import Request.
  Time since last request: 0.000361 seconds.
  path: Assets/Sprites/png/cat/Slide (6).png
  artifactKey: Guid(699e130cc2e8f46878c3a3cfd66a06b8) Importer(815301076,1909f56bfc062723c751e8b465ee728b)
Start importing Assets/Sprites/png/cat/Slide (6).png using Guid(699e130cc2e8f46878c3a3cfd66a06b8) Importer(815301076,1909f56bfc062723c751e8b465ee728b)  -> (artifact id: 'f22e6466d0e56c75293b3392aff92562') in 0.013656 seconds 
  Import took 0.017467 seconds .

========================================================================
Received Import Request.
  Time since last request: 0.000224 seconds.
  path: Assets/Sprites/png/cat/Walk (5).png
  artifactKey: Guid(80e184b74d1324b4ea6500bbfdc44c79) Importer(815301076,1909f56bfc062723c751e8b465ee728b)
Start importing Assets/Sprites/png/cat/Walk (5).png using Guid(80e184b74d1324b4ea6500bbfdc44c79) Importer(815301076,1909f56bfc062723c751e8b465ee728b)  -> (artifact id: '3a4c96347a654351fc893facce5f03e8') in 0.013409 seconds 
  Import took 0.016877 seconds .

========================================================================
Received Import Request.
  Time since last request: 0.000251 seconds.
  path: Assets/Sprites/png/cat/Walk (1).png
  artifactKey: Guid(186d14fb68f6d472aa78fdd9976a91cd) Importer(815301076,1909f56bfc062723c751e8b465ee728b)
Start importing Assets/Sprites/png/cat/Walk (1).png using Guid(186d14fb68f6d472aa78fdd9976a91cd) Importer(815301076,1909f56bfc062723c751e8b465ee728b)  -> (artifact id: '3aac5d62bf2306bb290a891ac92a1fd3') in 0.013825 seconds 
  Import took 0.017535 seconds .

========================================================================
Received Import Request.
  Time since last request: 0.000303 seconds.
  path: Assets/Sprites/png/cat/Slide (8).png
  artifactKey: Guid(c67265864edb64210a7e894f182a7f11) Importer(815301076,1909f56bfc062723c751e8b465ee728b)
Start importing Assets/Sprites/png/cat/Slide (8).png using Guid(c67265864edb64210a7e894f182a7f11) Importer(815301076,1909f56bfc062723c751e8b465ee728b)  -> (artifact id: '7780c1baa06465fb351589711df55536') in 0.014942 seconds 
  Import took 0.019025 seconds .

========================================================================
Received Import Request.
  Time since last request: 0.000210 seconds.
  path: Assets/Sprites/png/cat/Slide (3).png
  artifactKey: Guid(b559b7616eb15427b80d8dcdf644b6ed) Importer(815301076,1909f56bfc062723c751e8b465ee728b)
Start importing Assets/Sprites/png/cat/Slide (3).png using Guid(b559b7616eb15427b80d8dcdf644b6ed) Importer(815301076,1909f56bfc062723c751e8b465ee728b)  -> (artifact id: '0fbd8fbc2b896d22ae70eedf64614732') in 0.017720 seconds 
  Import took 0.022263 seconds .

========================================================================
Received Import Request.
  Time since last request: 0.000358 seconds.
  path: Assets/Sprites/png/cat/Walk (2).png
  artifactKey: Guid(ef6c74dfd485042c187d112e86cebe54) Importer(815301076,1909f56bfc062723c751e8b465ee728b)
Start importing Assets/Sprites/png/cat/Walk (2).png using Guid(ef6c74dfd485042c187d112e86cebe54) Importer(815301076,1909f56bfc062723c751e8b465ee728b)  -> (artifact id: '2d6761f1bd854b12c51b057e5056d5db') in 0.013174 seconds 
  Import took 0.017283 seconds .

========================================================================
Received Import Request.
  Time since last request: 0.000224 seconds.
  path: Assets/Sprites/png/cat/Slide (5).png
  artifactKey: Guid(7e43bbc5acc1a4c28ad1afad0d21620d) Importer(815301076,1909f56bfc062723c751e8b465ee728b)
Start importing Assets/Sprites/png/cat/Slide (5).png using Guid(7e43bbc5acc1a4c28ad1afad0d21620d) Importer(815301076,1909f56bfc062723c751e8b465ee728b)  -> (artifact id: '9a9196edb62a4d25dd503a1f24237e82') in 0.013626 seconds 
  Import took 0.017194 seconds .

========================================================================
Received Import Request.
  Time since last request: 0.000339 seconds.
  path: Assets/Sprites/png/cat/Walk (6).png
  artifactKey: Guid(7a3e09274bafd4847a41d32ec0e1be6c) Importer(815301076,1909f56bfc062723c751e8b465ee728b)
Start importing Assets/Sprites/png/cat/Walk (6).png using Guid(7a3e09274bafd4847a41d32ec0e1be6c) Importer(815301076,1909f56bfc062723c751e8b465ee728b)  -> (artifact id: '6bc34642cbaa6dfa02079442f4c7fbd5') in 0.019391 seconds 
  Import took 0.023210 seconds .

========================================================================
Received Import Request.
  Time since last request: 0.000293 seconds.
  path: Assets/Sprites/png/cat/Run (8).png
  artifactKey: Guid(ed95013f1aaa743d4aadd53f2e997d7e) Importer(815301076,1909f56bfc062723c751e8b465ee728b)
Start importing Assets/Sprites/png/cat/Run (8).png using Guid(ed95013f1aaa743d4aadd53f2e997d7e) Importer(815301076,1909f56bfc062723c751e8b465ee728b)  -> (artifact id: 'f7ae660dc98f16ccfab5fbc4b2df3f2f') in 0.015286 seconds 
  Import took 0.020128 seconds .

========================================================================
Received Import Request.
  Time since last request: 0.000270 seconds.
  path: Assets/Sprites/png/cat/Slide (7).png
  artifactKey: Guid(3416f63dd517940179b7b3de6b38e923) Importer(815301076,1909f56bfc062723c751e8b465ee728b)
Start importing Assets/Sprites/png/cat/Slide (7).png using Guid(3416f63dd517940179b7b3de6b38e923) Importer(815301076,1909f56bfc062723c751e8b465ee728b)  -> (artifact id: '80be832a5250d1cb71b7568f20c600ee') in 0.018719 seconds 
  Import took 0.023739 seconds .

========================================================================
Received Import Request.
  Time since last request: 0.000341 seconds.
  path: Assets/Sprites/png/cat/Walk (4).png
  artifactKey: Guid(0b6d4210506504e3891e9365609c0a5a) Importer(815301076,1909f56bfc062723c751e8b465ee728b)
Start importing Assets/Sprites/png/cat/Walk (4).png using Guid(0b6d4210506504e3891e9365609c0a5a) Importer(815301076,1909f56bfc062723c751e8b465ee728b)  -> (artifact id: 'e5e5fef895e949a07248d1f7376c18eb') in 0.015602 seconds 
  Import took 0.020127 seconds .

========================================================================
Received Import Request.
  Time since last request: 0.000289 seconds.
  path: Assets/Sprites/png/cat/Walk (9).png
  artifactKey: Guid(2f3ba172d45c043b3b2807b4e320b808) Importer(815301076,1909f56bfc062723c751e8b465ee728b)
Start importing Assets/Sprites/png/cat/Walk (9).png using Guid(2f3ba172d45c043b3b2807b4e320b808) Importer(815301076,1909f56bfc062723c751e8b465ee728b)  -> (artifact id: '6715575a6bafa38efe2f9cdaeb562ed4') in 0.014427 seconds 
  Import took 0.018622 seconds .

========================================================================
Received Import Request.
  Time since last request: 0.000233 seconds.
  path: Assets/Sprites/png/cat/Walk (3).png
  artifactKey: Guid(1782f8cb6c754457baf710448cb1b643) Importer(815301076,1909f56bfc062723c751e8b465ee728b)
Start importing Assets/Sprites/png/cat/Walk (3).png using Guid(1782f8cb6c754457baf710448cb1b643) Importer(815301076,1909f56bfc062723c751e8b465ee728b)  -> (artifact id: 'a504b429859ffc3b75c3dacba748fba9') in 0.013973 seconds 
  Import took 0.017922 seconds .

========================================================================
Received Import Request.
  Time since last request: 0.000213 seconds.
  path: Assets/Sprites/png/cat/Slide (2).png
  artifactKey: Guid(f1da40c914cda45af9b57677b31e8b43) Importer(815301076,1909f56bfc062723c751e8b465ee728b)
Start importing Assets/Sprites/png/cat/Slide (2).png using Guid(f1da40c914cda45af9b57677b31e8b43) Importer(815301076,1909f56bfc062723c751e8b465ee728b)  -> (artifact id: '1261a962f63ddfbba3bc72a2b7a27e54') in 0.017226 seconds 
  Import took 0.021380 seconds .

========================================================================
Received Import Request.
  Time since last request: 0.000334 seconds.
  path: Assets/Sprites/png/cat/Slide (10).png
  artifactKey: Guid(b23242bae876e4836bae101bcb8c5262) Importer(815301076,1909f56bfc062723c751e8b465ee728b)
Start importing Assets/Sprites/png/cat/Slide (10).png using Guid(b23242bae876e4836bae101bcb8c5262) Importer(815301076,1909f56bfc062723c751e8b465ee728b)  -> (artifact id: 'a1fd8ded021786e1f9df2677e5441f48') in 0.034536 seconds 
  Import took 0.038377 seconds .

========================================================================
Received Import Request.
  Time since last request: 0.000238 seconds.
  path: Assets/Sprites/png/cat/Walk (7).png
  artifactKey: Guid(f5500a8fe1b534977b9cd8764aa28bf1) Importer(815301076,1909f56bfc062723c751e8b465ee728b)
Start importing Assets/Sprites/png/cat/Walk (7).png using Guid(f5500a8fe1b534977b9cd8764aa28bf1) Importer(815301076,1909f56bfc062723c751e8b465ee728b)  -> (artifact id: 'a08fc994b4b1b37b342cd01929a578ea') in 0.018846 seconds 
  Import took 0.023048 seconds .

========================================================================
Received Import Request.
  Time since last request: 0.000238 seconds.
  path: Assets/Sprites/png/cat/Slide (9).png
  artifactKey: Guid(a746526d9cd4e4f7e875f89eee09b0af) Importer(815301076,1909f56bfc062723c751e8b465ee728b)
Start importing Assets/Sprites/png/cat/Slide (9).png using Guid(a746526d9cd4e4f7e875f89eee09b0af) Importer(815301076,1909f56bfc062723c751e8b465ee728b)  -> (artifact id: 'f64fc0404b7a30f981a0b56b00943166') in 0.013446 seconds 
  Import took 0.017143 seconds .

========================================================================
Received Import Request.
  Time since last request: 0.000269 seconds.
  path: Assets/Sprites/png/cat/Walk (10).png
  artifactKey: Guid(ef7a3b5800de5488caebfefcb59dc32c) Importer(815301076,1909f56bfc062723c751e8b465ee728b)
Start importing Assets/Sprites/png/cat/Walk (10).png using Guid(ef7a3b5800de5488caebfefcb59dc32c) Importer(815301076,1909f56bfc062723c751e8b465ee728b)  -> (artifact id: '3b6ba728d5c582aafa9c40ec12c201aa') in 0.026832 seconds 
  Import took 0.033856 seconds .

========================================================================
Received Prepare
Registering precompiled user dll's ...
Registered in 0.004409 seconds.
Begin MonoManager ReloadAssembly
Native extension for WindowsStandalone target not found
Native extension for OSXStandalone target not found
Refreshing native plugins compatible for Editor in 0.42 ms, found 3 plugins.
Preloading 0 native plugins for Editor in 0.00 ms.
Mono: successfully reloaded assembly
- Completed reload, in  1.192 seconds
Domain Reload Profiling:
	ReloadAssembly (1192ms)
		BeginReloadAssembly (132ms)
			ExecutionOrderSort (0ms)
			DisableScriptedObjects (7ms)
			BackupInstance (0ms)
			ReleaseScriptingObjects (0ms)
			CreateAndSetChildDomain (68ms)
		EndReloadAssembly (991ms)
			LoadAssemblies (75ms)
			RebuildTransferFunctionScriptingTraits (0ms)
			SetupTypeCache (351ms)
			ReleaseScriptCaches (1ms)
			RebuildScriptCaches (57ms)
			SetupLoadedEditorAssemblies (376ms)
				LogAssemblyErrors (0ms)
				InitializePlatformSupportModulesInManaged (6ms)
				SetLoadedEditorAssemblies (1ms)
				RefreshPlugins (0ms)
				BeforeProcessingInitializeOnLoad (51ms)
				ProcessInitializeOnLoadAttributes (310ms)
				ProcessInitializeOnLoadMethodAttributes (6ms)
				AfterProcessingInitializeOnLoad (1ms)
				EditorAssembliesLoaded (0ms)
			ExecutionOrderSort2 (0ms)
			AwakeInstancesAfterBackupRestoration (12ms)
Platform modules already initialized, skipping
Refreshing native plugins compatible for Editor in 0.42 ms, found 3 plugins.
Preloading 0 native plugins for Editor in 0.00 ms.
Unloading 2082 Unused Serialized files (Serialized files now loaded: 0)
System memory in use before: 187.1 MB.
System memory in use after: 187.3 MB.

Unloading 16 unused Assets to reduce memory usage. Loaded Objects now: 2549.
Total: 3.091446 ms (FindLiveObjects: 0.182823 ms CreateObjectMapping: 0.066336 ms MarkObjects: 2.824935 ms  DeleteObjects: 0.016437 ms)

AssetImportParameters requested are different than current active one (requested -> active):
  custom:video-decoder-ogg-theora: a1e56fd34408186e4bbccfd4996cb3dc -> 
  custom:container-muxer-webm: aa71ff27fc2769a1b78a27578f13a17b -> 
  custom:container-demuxer-webm: 4f35f7cbe854078d1ac9338744f61a02 -> 
  custom:container-demuxer-ogg: 62fdf1f143b41e24485cea50d1cbac27 -> 
  custom:video-encoder-webm-vp8: eb34c28f22e8b96e1ab97ce403110664 -> 
  custom:framework-osx-AVFoundation: e770b220cccbd017edd2c1fefb359320 -> 
  custom:video-decoder-webm-vp8: 9c59270c3fd7afecdb556c50c9e8de78 -> 
  custom:audio-decoder-ogg-vorbis: bf7c407c2cedff20999df2af8eb42d56 -> 
  custom:audio-encoder-webm-vorbis: bf7c407c2cedff20999df2af8eb42d56 -> 
========================================================================
Received Prepare
Registering precompiled user dll's ...
Registered in 0.004889 seconds.
Begin MonoManager ReloadAssembly
Native extension for WindowsStandalone target not found
Native extension for OSXStandalone target not found
Refreshing native plugins compatible for Editor in 0.42 ms, found 3 plugins.
Preloading 0 native plugins for Editor in 0.00 ms.
Mono: successfully reloaded assembly
- Completed reload, in  1.254 seconds
Domain Reload Profiling:
	ReloadAssembly (1255ms)
		BeginReloadAssembly (127ms)
			ExecutionOrderSort (0ms)
			DisableScriptedObjects (7ms)
			BackupInstance (0ms)
			ReleaseScriptingObjects (0ms)
			CreateAndSetChildDomain (64ms)
		EndReloadAssembly (1060ms)
			LoadAssemblies (74ms)
			RebuildTransferFunctionScriptingTraits (0ms)
			SetupTypeCache (400ms)
			ReleaseScriptCaches (1ms)
			RebuildScriptCaches (75ms)
			SetupLoadedEditorAssemblies (367ms)
				LogAssemblyErrors (0ms)
				InitializePlatformSupportModulesInManaged (6ms)
				SetLoadedEditorAssemblies (0ms)
				RefreshPlugins (0ms)
				BeforeProcessingInitializeOnLoad (51ms)
				ProcessInitializeOnLoadAttributes (301ms)
				ProcessInitializeOnLoadMethodAttributes (6ms)
				AfterProcessingInitializeOnLoad (1ms)
				EditorAssembliesLoaded (0ms)
			ExecutionOrderSort2 (0ms)
			AwakeInstancesAfterBackupRestoration (11ms)
Platform modules already initialized, skipping
Refreshing native plugins compatible for Editor in 0.45 ms, found 3 plugins.
Preloading 0 native plugins for Editor in 0.00 ms.
Unloading 2082 Unused Serialized files (Serialized files now loaded: 0)
System memory in use before: 187.4 MB.
System memory in use after: 187.5 MB.

Unloading 16 unused Assets to reduce memory usage. Loaded Objects now: 2552.
Total: 3.429279 ms (FindLiveObjects: 0.196021 ms CreateObjectMapping: 0.079442 ms MarkObjects: 3.122325 ms  DeleteObjects: 0.030566 ms)

AssetImportParameters requested are different than current active one (requested -> active):
  custom:video-decoder-ogg-theora: a1e56fd34408186e4bbccfd4996cb3dc -> 
  custom:container-muxer-webm: aa71ff27fc2769a1b78a27578f13a17b -> 
  custom:container-demuxer-webm: 4f35f7cbe854078d1ac9338744f61a02 -> 
  custom:container-demuxer-ogg: 62fdf1f143b41e24485cea50d1cbac27 -> 
  custom:video-encoder-webm-vp8: eb34c28f22e8b96e1ab97ce403110664 -> 
  custom:framework-osx-AVFoundation: e770b220cccbd017edd2c1fefb359320 -> 
  custom:video-decoder-webm-vp8: 9c59270c3fd7afecdb556c50c9e8de78 -> 
  custom:audio-decoder-ogg-vorbis: bf7c407c2cedff20999df2af8eb42d56 -> 
  custom:audio-encoder-webm-vorbis: bf7c407c2cedff20999df2af8eb42d56 -> 
========================================================================
Received Prepare
Registering precompiled user dll's ...
Registered in 0.004452 seconds.
Begin MonoManager ReloadAssembly
Native extension for WindowsStandalone target not found
Native extension for OSXStandalone target not found
Refreshing native plugins compatible for Editor in 0.43 ms, found 3 plugins.
Preloading 0 native plugins for Editor in 0.00 ms.
Mono: successfully reloaded assembly
- Completed reload, in  1.437 seconds
Domain Reload Profiling:
	ReloadAssembly (1437ms)
		BeginReloadAssembly (157ms)
			ExecutionOrderSort (0ms)
			DisableScriptedObjects (7ms)
			BackupInstance (0ms)
			ReleaseScriptingObjects (0ms)
			CreateAndSetChildDomain (84ms)
		EndReloadAssembly (1184ms)
			LoadAssemblies (103ms)
			RebuildTransferFunctionScriptingTraits (0ms)
			SetupTypeCache (433ms)
			ReleaseScriptCaches (1ms)
			RebuildScriptCaches (73ms)
			SetupLoadedEditorAssemblies (430ms)
				LogAssemblyErrors (0ms)
				InitializePlatformSupportModulesInManaged (6ms)
				SetLoadedEditorAssemblies (1ms)
				RefreshPlugins (0ms)
				BeforeProcessingInitializeOnLoad (62ms)
				ProcessInitializeOnLoadAttributes (348ms)
				ProcessInitializeOnLoadMethodAttributes (10ms)
				AfterProcessingInitializeOnLoad (2ms)
				EditorAssembliesLoaded (0ms)
			ExecutionOrderSort2 (0ms)
			AwakeInstancesAfterBackupRestoration (16ms)
Platform modules already initialized, skipping
Refreshing native plugins compatible for Editor in 0.42 ms, found 3 plugins.
Preloading 0 native plugins for Editor in 0.00 ms.
Unloading 2082 Unused Serialized files (Serialized files now loaded: 0)
System memory in use before: 190.7 MB.
System memory in use after: 190.8 MB.

Unloading 16 unused Assets to reduce memory usage. Loaded Objects now: 2555.
Total: 3.168664 ms (FindLiveObjects: 0.187776 ms CreateObjectMapping: 0.073248 ms MarkObjects: 2.888501 ms  DeleteObjects: 0.018163 ms)

AssetImportParameters requested are different than current active one (requested -> active):
  custom:video-decoder-ogg-theora: a1e56fd34408186e4bbccfd4996cb3dc -> 
  custom:container-muxer-webm: aa71ff27fc2769a1b78a27578f13a17b -> 
  custom:container-demuxer-webm: 4f35f7cbe854078d1ac9338744f61a02 -> 
  custom:container-demuxer-ogg: 62fdf1f143b41e24485cea50d1cbac27 -> 
  custom:video-encoder-webm-vp8: eb34c28f22e8b96e1ab97ce403110664 -> 
  custom:framework-osx-AVFoundation: e770b220cccbd017edd2c1fefb359320 -> 
  custom:video-decoder-webm-vp8: 9c59270c3fd7afecdb556c50c9e8de78 -> 
  custom:audio-decoder-ogg-vorbis: bf7c407c2cedff20999df2af8eb42d56 -> 
  custom:audio-encoder-webm-vorbis: bf7c407c2cedff20999df2af8eb42d56 -> 
========================================================================
Received Import Request.
  Time since last request: 21099.801352 seconds.
  path: Assets/Sprites/dog/Dead (9).png
  artifactKey: Guid(123a49ae4913c40958ff6d77fe391dbb) Importer(815301076,1909f56bfc062723c751e8b465ee728b)
Start importing Assets/Sprites/dog/Dead (9).png using Guid(123a49ae4913c40958ff6d77fe391dbb) Importer(815301076,1909f56bfc062723c751e8b465ee728b)  -> (artifact id: 'd8a37d6f0c145befe4fc485827e2a813') in 0.291117 seconds 
  Import took 0.316967 seconds .

========================================================================
Received Import Request.
  Time since last request: 0.000283 seconds.
  path: Assets/Sprites/dog/Idle (10).png
  artifactKey: Guid(c7e02f54c7cb54a60b57fd24eed06d5c) Importer(815301076,1909f56bfc062723c751e8b465ee728b)
Start importing Assets/Sprites/dog/Idle (10).png using Guid(c7e02f54c7cb54a60b57fd24eed06d5c) Importer(815301076,1909f56bfc062723c751e8b465ee728b)  -> (artifact id: 'fe142864b6ec566d3b21e503d5c8e216') in 0.014200 seconds 
  Import took 0.018671 seconds .

========================================================================
Received Import Request.
  Time since last request: 0.000293 seconds.
  path: Assets/Sprites/dog/Idle (5).png
  artifactKey: Guid(897a5d96da60146fcbbc14232504ff66) Importer(815301076,1909f56bfc062723c751e8b465ee728b)
Start importing Assets/Sprites/dog/Idle (5).png using Guid(897a5d96da60146fcbbc14232504ff66) Importer(815301076,1909f56bfc062723c751e8b465ee728b)  -> (artifact id: '62289d10a225ba23c5cb73f3fe45eaa5') in 0.019793 seconds 
  Import took 0.025971 seconds .

========================================================================
Received Import Request.
  Time since last request: 0.000275 seconds.
  path: Assets/Sprites/dog/Hurt (5).png
  artifactKey: Guid(f4c7fa2806ddd409db16ab724f74bc0d) Importer(815301076,1909f56bfc062723c751e8b465ee728b)
Start importing Assets/Sprites/dog/Hurt (5).png using Guid(f4c7fa2806ddd409db16ab724f74bc0d) Importer(815301076,1909f56bfc062723c751e8b465ee728b)  -> (artifact id: '2dfe3b812457c7df35ff4f69a4577845') in 0.016144 seconds 
  Import took 0.020243 seconds .

========================================================================
Received Import Request.
  Time since last request: 0.000307 seconds.
  path: Assets/Sprites/dog/Hurt (6).png
  artifactKey: Guid(fd5adb6b32d584732a5f498660df4435) Importer(815301076,1909f56bfc062723c751e8b465ee728b)
Start importing Assets/Sprites/dog/Hurt (6).png using Guid(fd5adb6b32d584732a5f498660df4435) Importer(815301076,1909f56bfc062723c751e8b465ee728b)  -> (artifact id: '7586fd343bf4e5d2ab7d56f50a916a47') in 0.014190 seconds 
  Import took 0.017955 seconds .

========================================================================
Received Import Request.
  Time since last request: 0.000253 seconds.
  path: Assets/Sprites/dog/Idle (7).png
  artifactKey: Guid(c41e36443fae54fc28305a5391352de5) Importer(815301076,1909f56bfc062723c751e8b465ee728b)
Start importing Assets/Sprites/dog/Idle (7).png using Guid(c41e36443fae54fc28305a5391352de5) Importer(815301076,1909f56bfc062723c751e8b465ee728b)  -> (artifact id: '929a954e310c732eb225660f6f66ebac') in 0.014609 seconds 
  Import took 0.017996 seconds .

========================================================================
Received Import Request.
  Time since last request: 0.000293 seconds.
  path: Assets/Sprites/dog/Idle (2).png
  artifactKey: Guid(96bad40e0e9914275b332fc6a43ad646) Importer(815301076,1909f56bfc062723c751e8b465ee728b)
Start importing Assets/Sprites/dog/Idle (2).png using Guid(96bad40e0e9914275b332fc6a43ad646) Importer(815301076,1909f56bfc062723c751e8b465ee728b)  -> (artifact id: 'd3363867c86eeb6a5eddc3acfdc56369') in 0.020372 seconds 
  Import took 0.024890 seconds .

========================================================================
Received Import Request.
  Time since last request: 0.000302 seconds.
  path: Assets/Sprites/dog/Hurt (10).png
  artifactKey: Guid(1d476fe7dbba3499dbce29947f5ac562) Importer(815301076,1909f56bfc062723c751e8b465ee728b)
Start importing Assets/Sprites/dog/Hurt (10).png using Guid(1d476fe7dbba3499dbce29947f5ac562) Importer(815301076,1909f56bfc062723c751e8b465ee728b)  -> (artifact id: 'f21424494d17b7a545a7762a689a8164') in 0.014161 seconds 
  Import took 0.017963 seconds .

========================================================================
Received Import Request.
  Time since last request: 0.000325 seconds.
  path: Assets/Sprites/dog/Jump (1).png
  artifactKey: Guid(7be1a553cc5394de7b7e81781d76db38) Importer(815301076,1909f56bfc062723c751e8b465ee728b)
Start importing Assets/Sprites/dog/Jump (1).png using Guid(7be1a553cc5394de7b7e81781d76db38) Importer(815301076,1909f56bfc062723c751e8b465ee728b)  -> (artifact id: '011358185fc384973885a7f442dd2d70') in 0.016311 seconds 
  Import took 0.020004 seconds .

========================================================================
Received Import Request.
  Time since last request: 0.000261 seconds.
  path: Assets/Sprites/dog/Fall (2).png
  artifactKey: Guid(582c49bb377834a31bb225c0a3136a69) Importer(815301076,1909f56bfc062723c751e8b465ee728b)
Start importing Assets/Sprites/dog/Fall (2).png using Guid(582c49bb377834a31bb225c0a3136a69) Importer(815301076,1909f56bfc062723c751e8b465ee728b)  -> (artifact id: 'f2efbba75552a23bc71c7c50c8b61f8f') in 0.013134 seconds 
  Import took 0.016691 seconds .

========================================================================
Received Import Request.
  Time since last request: 0.000216 seconds.
  path: Assets/Sprites/dog/Hurt (2).png
  artifactKey: Guid(109873a721a8c4069af4dcde02f38c0c) Importer(815301076,1909f56bfc062723c751e8b465ee728b)
Start importing Assets/Sprites/dog/Hurt (2).png using Guid(109873a721a8c4069af4dcde02f38c0c) Importer(815301076,1909f56bfc062723c751e8b465ee728b)  -> (artifact id: 'd072cde936145fc7818dde55306e4e6c') in 0.019463 seconds 
  Import took 0.023288 seconds .

========================================================================
Received Import Request.
  Time since last request: 0.000397 seconds.
  path: Assets/Sprites/dog/Fall (1).png
  artifactKey: Guid(1802641b2d93643dc88d49285acfa1dd) Importer(815301076,1909f56bfc062723c751e8b465ee728b)
Start importing Assets/Sprites/dog/Fall (1).png using Guid(1802641b2d93643dc88d49285acfa1dd) Importer(815301076,1909f56bfc062723c751e8b465ee728b)  -> (artifact id: '4a597e43a3a971b6c724dc5d18c5869e') in 0.020643 seconds 
  Import took 0.025376 seconds .

========================================================================
Received Import Request.
  Time since last request: 0.000233 seconds.
  path: Assets/Sprites/dog/Hurt (3).png
  artifactKey: Guid(a7986af6fc43c4eaf8de675e789af910) Importer(815301076,1909f56bfc062723c751e8b465ee728b)
Start importing Assets/Sprites/dog/Hurt (3).png using Guid(a7986af6fc43c4eaf8de675e789af910) Importer(815301076,1909f56bfc062723c751e8b465ee728b)  -> (artifact id: '6780f222977482b72c06f6a519a3ef90') in 0.014831 seconds 
  Import took 0.018202 seconds .

========================================================================
Received Import Request.
  Time since last request: 0.000322 seconds.
  path: Assets/Sprites/dog/Hurt (7).png
  artifactKey: Guid(4d2563265833847eeb69f48bab7afd2a) Importer(815301076,1909f56bfc062723c751e8b465ee728b)
Start importing Assets/Sprites/dog/Hurt (7).png using Guid(4d2563265833847eeb69f48bab7afd2a) Importer(815301076,1909f56bfc062723c751e8b465ee728b)  -> (artifact id: 'f533fc1f400b32927806886421aa50e7') in 0.021806 seconds 
  Import took 0.026274 seconds .

========================================================================
Received Import Request.
  Time since last request: 0.000271 seconds.
  path: Assets/Sprites/dog/Idle (9).png
  artifactKey: Guid(4d26047ee3fc94970a7c1f2480022cfb) Importer(815301076,1909f56bfc062723c751e8b465ee728b)
Start importing Assets/Sprites/dog/Idle (9).png using Guid(4d26047ee3fc94970a7c1f2480022cfb) Importer(815301076,1909f56bfc062723c751e8b465ee728b)  -> (artifact id: '22e3cb6e20b26b714703336e8d89a4da') in 0.012902 seconds 
  Import took 0.016491 seconds .

========================================================================
Received Import Request.
  Time since last request: 0.000221 seconds.
  path: Assets/Sprites/dog/Jump (2).png
  artifactKey: Guid(6689fe1d5ea4e42818f740884a8a2479) Importer(815301076,1909f56bfc062723c751e8b465ee728b)
Start importing Assets/Sprites/dog/Jump (2).png using Guid(6689fe1d5ea4e42818f740884a8a2479) Importer(815301076,1909f56bfc062723c751e8b465ee728b)  -> (artifact id: '516607fb58f67ed6a1cfa173ccf88448') in 0.014678 seconds 
  Import took 0.019395 seconds .

========================================================================
Received Import Request.
  Time since last request: 0.000302 seconds.
  path: Assets/Sprites/dog/Idle (6).png
  artifactKey: Guid(68de07a1bba7c4893b7ed6a8dcaee31c) Importer(815301076,1909f56bfc062723c751e8b465ee728b)
Start importing Assets/Sprites/dog/Idle (6).png using Guid(68de07a1bba7c4893b7ed6a8dcaee31c) Importer(815301076,1909f56bfc062723c751e8b465ee728b)  -> (artifact id: '8144bd6e0e55ca0349ff5fde413c7401') in 0.017948 seconds 
  Import took 0.022896 seconds .

========================================================================
Received Import Request.
  Time since last request: 0.000257 seconds.
  path: Assets/Sprites/dog/Idle (3).png
  artifactKey: Guid(b6ebfd9c1b51c4ddaafcffb45e492044) Importer(815301076,1909f56bfc062723c751e8b465ee728b)
Start importing Assets/Sprites/dog/Idle (3).png using Guid(b6ebfd9c1b51c4ddaafcffb45e492044) Importer(815301076,1909f56bfc062723c751e8b465ee728b)  -> (artifact id: '4ec9dce2f50b5435529239633a055584') in 0.014403 seconds 
  Import took 0.018746 seconds .

========================================================================
Received Import Request.
  Time since last request: 0.000344 seconds.
  path: Assets/Sprites/dog/Hurt (9).png
  artifactKey: Guid(c96ef7cdefea94bfe883562091450766) Importer(815301076,1909f56bfc062723c751e8b465ee728b)
Start importing Assets/Sprites/dog/Hurt (9).png using Guid(c96ef7cdefea94bfe883562091450766) Importer(815301076,1909f56bfc062723c751e8b465ee728b)  -> (artifact id: '192b1222b4218434ae57ff13c7f17587') in 0.023539 seconds 
  Import took 0.028897 seconds .

========================================================================
Received Import Request.
  Time since last request: 0.000237 seconds.
  path: Assets/Sprites/dog/Idle (4).png
  artifactKey: Guid(21a6891460d694a9abbc6e7ae8fd4ff9) Importer(815301076,1909f56bfc062723c751e8b465ee728b)
Start importing Assets/Sprites/dog/Idle (4).png using Guid(21a6891460d694a9abbc6e7ae8fd4ff9) Importer(815301076,1909f56bfc062723c751e8b465ee728b)  -> (artifact id: '4489ccedc0a23c0cf9f418fdcfd2425e') in 0.018420 seconds 
  Import took 0.023440 seconds .

========================================================================
Received Import Request.
  Time since last request: 0.000345 seconds.
  path: Assets/Sprites/dog/Dead (10).png
  artifactKey: Guid(e24b0521cf63d4efcba7a4a60d65ea04) Importer(815301076,1909f56bfc062723c751e8b465ee728b)
Start importing Assets/Sprites/dog/Dead (10).png using Guid(e24b0521cf63d4efcba7a4a60d65ea04) Importer(815301076,1909f56bfc062723c751e8b465ee728b)  -> (artifact id: '6221ec69dc7d8b4e7ea868520922ce38') in 0.018429 seconds 
  Import took 0.025283 seconds .

========================================================================
Received Import Request.
  Time since last request: 0.000278 seconds.
  path: Assets/Sprites/dog/Hurt (1).png
  artifactKey: Guid(cb25cc5a5653f49e59dbbe0a252b7623) Importer(815301076,1909f56bfc062723c751e8b465ee728b)
Start importing Assets/Sprites/dog/Hurt (1).png using Guid(cb25cc5a5653f49e59dbbe0a252b7623) Importer(815301076,1909f56bfc062723c751e8b465ee728b)  -> (artifact id: '42f547ea74d86181f6d6d2219e5855fb') in 0.022321 seconds 
  Import took 0.027875 seconds .

========================================================================
Received Import Request.
  Time since last request: 0.000394 seconds.
  path: Assets/Sprites/dog/Idle (8).png
  artifactKey: Guid(3ddcf4b0a24a74f23ba984a468d10d35) Importer(815301076,1909f56bfc062723c751e8b465ee728b)
Start importing Assets/Sprites/dog/Idle (8).png using Guid(3ddcf4b0a24a74f23ba984a468d10d35) Importer(815301076,1909f56bfc062723c751e8b465ee728b)  -> (artifact id: '064a87bebdd60cb627d7b81dfa472975') in 0.016032 seconds 
  Import took 0.020673 seconds .

========================================================================
Received Import Request.
  Time since last request: 0.000214 seconds.
  path: Assets/Sprites/dog/Fall (6).png
  artifactKey: Guid(f14fabe2fc23946648f726062c0d0b78) Importer(815301076,1909f56bfc062723c751e8b465ee728b)
Start importing Assets/Sprites/dog/Fall (6).png using Guid(f14fabe2fc23946648f726062c0d0b78) Importer(815301076,1909f56bfc062723c751e8b465ee728b)  -> (artifact id: '96e65ea0b05814221f09b15b7bf3b6cb') in 0.019508 seconds 
  Import took 0.023745 seconds .

========================================================================
Received Import Request.
  Time since last request: 0.000336 seconds.
  path: Assets/Sprites/dog/Fall (8).png
  artifactKey: Guid(57dc09b2b53924a829fbd4b7aedc317b) Importer(815301076,1909f56bfc062723c751e8b465ee728b)
Start importing Assets/Sprites/dog/Fall (8).png using Guid(57dc09b2b53924a829fbd4b7aedc317b) Importer(815301076,1909f56bfc062723c751e8b465ee728b)  -> (artifact id: 'ee3efa7d4ef7bcd8e8708f6faca04661') in 0.014668 seconds 
  Import took 0.021126 seconds .

========================================================================
Received Import Request.
  Time since last request: 0.000225 seconds.
  path: Assets/Sprites/dog/Hurt (4).png
  artifactKey: Guid(ada112a6e632e45e8b36a0e7b3ed3bfc) Importer(815301076,1909f56bfc062723c751e8b465ee728b)
Start importing Assets/Sprites/dog/Hurt (4).png using Guid(ada112a6e632e45e8b36a0e7b3ed3bfc) Importer(815301076,1909f56bfc062723c751e8b465ee728b)  -> (artifact id: '449e3597b4312d2bb4676260d2c77f2f') in 0.018804 seconds 
  Import took 0.023369 seconds .

========================================================================
Received Import Request.
  Time since last request: 0.000268 seconds.
  path: Assets/Sprites/dog/Hurt (8).png
  artifactKey: Guid(4f9900f157b39486f8fb1ce04723cdd1) Importer(815301076,1909f56bfc062723c751e8b465ee728b)
Start importing Assets/Sprites/dog/Hurt (8).png using Guid(4f9900f157b39486f8fb1ce04723cdd1) Importer(815301076,1909f56bfc062723c751e8b465ee728b)  -> (artifact id: '2f12eef87ecaf325e7344fb3a2106b8a') in 0.021424 seconds 
  Import took 0.026371 seconds .

========================================================================
Received Import Request.
  Time since last request: 0.000253 seconds.
  path: Assets/Sprites/dog/Fall (3).png
  artifactKey: Guid(b919cda01748c44b5b3a1644da7c1431) Importer(815301076,1909f56bfc062723c751e8b465ee728b)
Start importing Assets/Sprites/dog/Fall (3).png using Guid(b919cda01748c44b5b3a1644da7c1431) Importer(815301076,1909f56bfc062723c751e8b465ee728b)  -> (artifact id: 'd46289a498f037f6ed2759df085afce8') in 0.017491 seconds 
  Import took 0.021769 seconds .

========================================================================
Received Import Request.
  Time since last request: 0.000272 seconds.
  path: Assets/Sprites/dog/Jump (3).png
  artifactKey: Guid(c64299591a3d144b890ca81de31e688b) Importer(815301076,1909f56bfc062723c751e8b465ee728b)
Start importing Assets/Sprites/dog/Jump (3).png using Guid(c64299591a3d144b890ca81de31e688b) Importer(815301076,1909f56bfc062723c751e8b465ee728b)  -> (artifact id: '5383578ea095bb9110bc4b8ea36a1f84') in 0.017805 seconds 
  Import took 0.021734 seconds .

========================================================================
Received Import Request.
  Time since last request: 0.000428 seconds.
  path: Assets/Sprites/dog/Idle (1).png
  artifactKey: Guid(0f0cf93cb267b4231bf006d7475bfa98) Importer(815301076,1909f56bfc062723c751e8b465ee728b)
Start importing Assets/Sprites/dog/Idle (1).png using Guid(0f0cf93cb267b4231bf006d7475bfa98) Importer(815301076,1909f56bfc062723c751e8b465ee728b)  -> (artifact id: '8edb0baba4b9d92f11ceed5d0fccd126') in 0.022374 seconds 
  Import took 0.027548 seconds .

========================================================================
Received Import Request.
  Time since last request: 0.000238 seconds.
  path: Assets/Sprites/dog/Fall (7).png
  artifactKey: Guid(1ed32b30075b442038b0aa2c45dc0e3d) Importer(815301076,1909f56bfc062723c751e8b465ee728b)
Start importing Assets/Sprites/dog/Fall (7).png using Guid(1ed32b30075b442038b0aa2c45dc0e3d) Importer(815301076,1909f56bfc062723c751e8b465ee728b)  -> (artifact id: '9e86a62e275a2d4c250d4a298062b28a') in 0.013775 seconds 
  Import took 0.017280 seconds .

========================================================================
Received Import Request.
  Time since last request: 0.000239 seconds.
  path: Assets/Sprites/dog/Fall (4).png
  artifactKey: Guid(3cbaf4c051c7f4b8d8250d5c8a22853a) Importer(815301076,1909f56bfc062723c751e8b465ee728b)
Start importing Assets/Sprites/dog/Fall (4).png using Guid(3cbaf4c051c7f4b8d8250d5c8a22853a) Importer(815301076,1909f56bfc062723c751e8b465ee728b)  -> (artifact id: '93b894101ec94858d01f773311edb43e') in 0.021505 seconds 
  Import took 0.025146 seconds .

========================================================================
Received Import Request.
  Time since last request: 0.000317 seconds.
  path: Assets/Sprites/dog/Fall (5).png
  artifactKey: Guid(3a385e03e8df44037b5ed32b5c2b6fa5) Importer(815301076,1909f56bfc062723c751e8b465ee728b)
Start importing Assets/Sprites/dog/Fall (5).png using Guid(3a385e03e8df44037b5ed32b5c2b6fa5) Importer(815301076,1909f56bfc062723c751e8b465ee728b)  -> (artifact id: 'f151c1a1e832e0a7bc318fcbdeacc2c3') in 0.020231 seconds 
  Import took 0.024751 seconds .

========================================================================
Received Prepare
Registering precompiled user dll's ...
Registered in 0.002251 seconds.
Begin MonoManager ReloadAssembly
Native extension for WindowsStandalone target not found
Native extension for OSXStandalone target not found
Refreshing native plugins compatible for Editor in 0.53 ms, found 3 plugins.
Preloading 0 native plugins for Editor in 0.00 ms.
Mono: successfully reloaded assembly
- Completed reload, in  1.686 seconds
Domain Reload Profiling:
	ReloadAssembly (1687ms)
		BeginReloadAssembly (215ms)
			ExecutionOrderSort (0ms)
			DisableScriptedObjects (8ms)
			BackupInstance (0ms)
			ReleaseScriptingObjects (0ms)
			CreateAndSetChildDomain (125ms)
		EndReloadAssembly (1375ms)
			LoadAssemblies (121ms)
			RebuildTransferFunctionScriptingTraits (0ms)
			SetupTypeCache (515ms)
			ReleaseScriptCaches (1ms)
			RebuildScriptCaches (81ms)
			SetupLoadedEditorAssemblies (492ms)
				LogAssemblyErrors (0ms)
				InitializePlatformSupportModulesInManaged (7ms)
				SetLoadedEditorAssemblies (1ms)
				RefreshPlugins (1ms)
				BeforeProcessingInitializeOnLoad (70ms)
				ProcessInitializeOnLoadAttributes (404ms)
				ProcessInitializeOnLoadMethodAttributes (8ms)
				AfterProcessingInitializeOnLoad (2ms)
				EditorAssembliesLoaded (0ms)
			ExecutionOrderSort2 (0ms)
			AwakeInstancesAfterBackupRestoration (15ms)
Platform modules already initialized, skipping
Refreshing native plugins compatible for Editor in 0.51 ms, found 3 plugins.
Preloading 0 native plugins for Editor in 0.00 ms.
Unloading 2082 Unused Serialized files (Serialized files now loaded: 0)
System memory in use before: 200.9 MB.
System memory in use after: 201.0 MB.

Unloading 16 unused Assets to reduce memory usage. Loaded Objects now: 2561.
Total: 3.858092 ms (FindLiveObjects: 0.319670 ms CreateObjectMapping: 0.098290 ms MarkObjects: 3.400443 ms  DeleteObjects: 0.038566 ms)

AssetImportParameters requested are different than current active one (requested -> active):
  custom:video-decoder-ogg-theora: a1e56fd34408186e4bbccfd4996cb3dc -> 
  custom:container-muxer-webm: aa71ff27fc2769a1b78a27578f13a17b -> 
  custom:container-demuxer-webm: 4f35f7cbe854078d1ac9338744f61a02 -> 
  custom:container-demuxer-ogg: 62fdf1f143b41e24485cea50d1cbac27 -> 
  custom:video-encoder-webm-vp8: eb34c28f22e8b96e1ab97ce403110664 -> 
  custom:framework-osx-AVFoundation: e770b220cccbd017edd2c1fefb359320 -> 
  custom:video-decoder-webm-vp8: 9c59270c3fd7afecdb556c50c9e8de78 -> 
  custom:audio-decoder-ogg-vorbis: bf7c407c2cedff20999df2af8eb42d56 -> 
  custom:audio-encoder-webm-vorbis: bf7c407c2cedff20999df2af8eb42d56 -> 
========================================================================
Received Import Request.
  Time since last request: 410.570116 seconds.
  path: Assets/Sprites/cat/Idle (1).controller
  artifactKey: Guid(ef64209b704f54b9db105478d483a179) Importer(815301076,1909f56bfc062723c751e8b465ee728b)
Start importing Assets/Sprites/cat/Idle (1).controller using Guid(ef64209b704f54b9db105478d483a179) Importer(815301076,1909f56bfc062723c751e8b465ee728b)  -> (artifact id: 'cba61fec87d6a872be6ba4b67bf24715') in 2.039375 seconds 
  Import took 2.043108 seconds .

========================================================================
Received Import Request.
  Time since last request: 15.550995 seconds.
  path: Assets/Sprites/cat/Walk.anim
  artifactKey: Guid(01c82009fc8e44af59e559046ea2d290) Importer(815301076,1909f56bfc062723c751e8b465ee728b)
Start importing Assets/Sprites/cat/Walk.anim using Guid(01c82009fc8e44af59e559046ea2d290) Importer(815301076,1909f56bfc062723c751e8b465ee728b)  -> (artifact id: '7d765dfb86ec191d67f6a3b022499c1f') in 0.475805 seconds 
  Import took 0.479539 seconds .

========================================================================
Received Prepare
Registering precompiled user dll's ...
Registered in 0.004467 seconds.
Begin MonoManager ReloadAssembly
Native extension for WindowsStandalone target not found
Native extension for OSXStandalone target not found
Refreshing native plugins compatible for Editor in 0.51 ms, found 3 plugins.
Preloading 0 native plugins for Editor in 0.00 ms.
Mono: successfully reloaded assembly
- Completed reload, in  1.516 seconds
Domain Reload Profiling:
	ReloadAssembly (1517ms)
		BeginReloadAssembly (161ms)
			ExecutionOrderSort (0ms)
			DisableScriptedObjects (7ms)
			BackupInstance (0ms)
			ReleaseScriptingObjects (0ms)
			CreateAndSetChildDomain (84ms)
		EndReloadAssembly (1286ms)
			LoadAssemblies (84ms)
			RebuildTransferFunctionScriptingTraits (0ms)
			SetupTypeCache (450ms)
			ReleaseScriptCaches (1ms)
			RebuildScriptCaches (76ms)
			SetupLoadedEditorAssemblies (500ms)
				LogAssemblyErrors (0ms)
				InitializePlatformSupportModulesInManaged (7ms)
				SetLoadedEditorAssemblies (1ms)
				RefreshPlugins (1ms)
				BeforeProcessingInitializeOnLoad (70ms)
				ProcessInitializeOnLoadAttributes (410ms)
				ProcessInitializeOnLoadMethodAttributes (9ms)
				AfterProcessingInitializeOnLoad (2ms)
				EditorAssembliesLoaded (0ms)
			ExecutionOrderSort2 (0ms)
			AwakeInstancesAfterBackupRestoration (16ms)
Platform modules already initialized, skipping
Refreshing native plugins compatible for Editor in 0.62 ms, found 3 plugins.
Preloading 0 native plugins for Editor in 0.00 ms.
Unloading 2082 Unused Serialized files (Serialized files now loaded: 0)
System memory in use before: 209.7 MB.
System memory in use after: 209.8 MB.

Unloading 16 unused Assets to reduce memory usage. Loaded Objects now: 2564.
Total: 5.344352 ms (FindLiveObjects: 0.318429 ms CreateObjectMapping: 0.376713 ms MarkObjects: 4.623291 ms  DeleteObjects: 0.023947 ms)

AssetImportParameters requested are different than current active one (requested -> active):
  custom:video-decoder-ogg-theora: a1e56fd34408186e4bbccfd4996cb3dc -> 
  custom:container-muxer-webm: aa71ff27fc2769a1b78a27578f13a17b -> 
  custom:container-demuxer-webm: 4f35f7cbe854078d1ac9338744f61a02 -> 
  custom:container-demuxer-ogg: 62fdf1f143b41e24485cea50d1cbac27 -> 
  custom:video-encoder-webm-vp8: eb34c28f22e8b96e1ab97ce403110664 -> 
  custom:framework-osx-AVFoundation: e770b220cccbd017edd2c1fefb359320 -> 
  custom:video-decoder-webm-vp8: 9c59270c3fd7afecdb556c50c9e8de78 -> 
  custom:audio-decoder-ogg-vorbis: bf7c407c2cedff20999df2af8eb42d56 -> 
  custom:audio-encoder-webm-vorbis: bf7c407c2cedff20999df2af8eb42d56 -> 
========================================================================
Received Import Request.
  Time since last request: 604.896585 seconds.
  path: Assets/Sounds/song18.mp3
  artifactKey: Guid(c78e4af56c5b9495fbe1fc63fd0054b4) Importer(815301076,1909f56bfc062723c751e8b465ee728b)
Start importing Assets/Sounds/song18.mp3 using Guid(c78e4af56c5b9495fbe1fc63fd0054b4) Importer(815301076,1909f56bfc062723c751e8b465ee728b)  -> (artifact id: 'f54c64d40b2fad09385220d1cbce189c') in 0.076650 seconds 
  Import took 0.080446 seconds .

========================================================================
Received Prepare
Registering precompiled user dll's ...
Registered in 0.004944 seconds.
Begin MonoManager ReloadAssembly
Native extension for WindowsStandalone target not found
Native extension for OSXStandalone target not found
Refreshing native plugins compatible for Editor in 0.51 ms, found 3 plugins.
Preloading 0 native plugins for Editor in 0.00 ms.
Mono: successfully reloaded assembly
- Completed reload, in  1.515 seconds
Domain Reload Profiling:
	ReloadAssembly (1516ms)
		BeginReloadAssembly (150ms)
			ExecutionOrderSort (0ms)
			DisableScriptedObjects (7ms)
			BackupInstance (0ms)
			ReleaseScriptingObjects (0ms)
			CreateAndSetChildDomain (78ms)
		EndReloadAssembly (1293ms)
			LoadAssemblies (90ms)
			RebuildTransferFunctionScriptingTraits (0ms)
			SetupTypeCache (414ms)
			ReleaseScriptCaches (1ms)
			RebuildScriptCaches (89ms)
			SetupLoadedEditorAssemblies (509ms)
				LogAssemblyErrors (0ms)
				InitializePlatformSupportModulesInManaged (11ms)
				SetLoadedEditorAssemblies (1ms)
				RefreshPlugins (1ms)
				BeforeProcessingInitializeOnLoad (68ms)
				ProcessInitializeOnLoadAttributes (417ms)
				ProcessInitializeOnLoadMethodAttributes (9ms)
				AfterProcessingInitializeOnLoad (3ms)
				EditorAssembliesLoaded (0ms)
			ExecutionOrderSort2 (0ms)
			AwakeInstancesAfterBackupRestoration (18ms)
Platform modules already initialized, skipping
Refreshing native plugins compatible for Editor in 0.50 ms, found 3 plugins.
Preloading 0 native plugins for Editor in 0.00 ms.
Unloading 2082 Unused Serialized files (Serialized files now loaded: 0)
System memory in use before: 210.0 MB.
System memory in use after: 210.1 MB.

Unloading 16 unused Assets to reduce memory usage. Loaded Objects now: 2568.
Total: 3.636780 ms (FindLiveObjects: 0.209660 ms CreateObjectMapping: 0.089173 ms MarkObjects: 3.320231 ms  DeleteObjects: 0.016660 ms)

AssetImportParameters requested are different than current active one (requested -> active):
  custom:video-decoder-ogg-theora: a1e56fd34408186e4bbccfd4996cb3dc -> 
  custom:container-muxer-webm: aa71ff27fc2769a1b78a27578f13a17b -> 
  custom:container-demuxer-webm: 4f35f7cbe854078d1ac9338744f61a02 -> 
  custom:container-demuxer-ogg: 62fdf1f143b41e24485cea50d1cbac27 -> 
  custom:video-encoder-webm-vp8: eb34c28f22e8b96e1ab97ce403110664 -> 
  custom:framework-osx-AVFoundation: e770b220cccbd017edd2c1fefb359320 -> 
  custom:video-decoder-webm-vp8: 9c59270c3fd7afecdb556c50c9e8de78 -> 
  custom:audio-decoder-ogg-vorbis: bf7c407c2cedff20999df2af8eb42d56 -> 
  custom:audio-encoder-webm-vorbis: bf7c407c2cedff20999df2af8eb42d56 -> 
